-27633
-15414
-5701
-3334
-2741
-2585
-2528
-2500
-2477
-2459
-2438
-2420
-2402
-2381
-2363
-2344
-2326
-2307
-2291
-2270
-2253
-2237
-2218
-2201
-2183
-2165
-2145
-2131
-2115
-2098
-2083
-2064
-2049
-2030
-2013
-1999
-1982
-1967
-1950
-1933
-1917
-1905
-1891
-1877
-1861
-1845
-1830
-1816
-1802
-1784
-1773
-1756
-1745
-1732
-1718
-1704
-1692
-1678
-1662
-1649
-1633
-1617
-1606
-1591
-1581
-1568
-1559
-1546
-1536
-1523
-1510
-1498
-1488
-1475
-1463
-1452
-1441
-1430
-1418
-1406
-1393
-1383
-1371
-1360
-1349
-1336
-1326
-1313
-1301
-1292
-1282
-1272
-1261
-1251
-1243
-1234
-1226
-1218
-1210
-1200
-1188
-1183
-1170
-1165
-1153
-1145
-1133
-1126
-1115
-1106
-1099
-1088
-1081
-1070
-1062
-1053
-1045
-1035
-1026
-1018
-1009
-1004
-996
-990
-985
-976
-969
-962
-954
-947
-940
-932
-924
-919
-909
-901
-893
-887
-881
-872
-864
-857
-846
-840
-834
-830
-821
-818
-811
-805
-799
-790
-787
-781
-778
-769
-763
-755
-749
-743
-739
-729
-725
-717
-711
-703
-701
-692
-687
-684
-676
-673
-666
-661
-655
-647
-641
-635
-631
-627
-624
-616
-611
-606
-601
-595
-588
-584
-580
-574
-570
-565
-561
-556
-552
-546
-540
-533
-527
-522
-519
-516
-513
-508
-507
-501
-498
-491
-491
-484
-481
-473
-471
-464
-461
-456
-450
-447
-445
-442
-438
-434
-429
-427
-423
-417
-414
-410
-408
-405
-399
-395
-393
-390
-386
-381
-381
-373
-372
-369
-365
-367
-363
-359
-356
-353
-349
-349
-346
-343
-342
-334
-329
-326
-324
-318
-318
-313
-313
-311
-308
-306
-301
-302
-297
-294
-291
-285
-286
-282
-280
-278
-276
-270
-270
-267
-265
-261
-260
-255
-254
-251
-251
-247
-243
-241
-237
-235
-231
-229
-228
-226
-222
-220
-217
-216
-216
-212
-214
-208
-208
-205
-201
-199
-196
-195
-191
-190
-187
-184
-183
-181
-178
-177
-176
-173
-174
-171
-172
-169
-170
-169
-164
-162
-161
-156
-157
-152
-153
-147
-146
-145
-143
-139
-139
-134
-133
-132
-133
-132
-133
-133
-128
-128
-126
-125
-126
-123
-120
-116
-117
-115
-116
-113
-110
-112
-110
-108
-107
-104
-105
-103
-103
-103
-101
-102
-101
-100
-97
-99
-97
-98
-97
-95
-92
-90
-90
-89
-87
-88
-89
-89
-88
-87
-83
-84
-82
-82
-82
-80
-79
-78
-79
-80
-83
-83
-82
-78
-76
-74
-74
-74
-75
-75
-75
-73
-68
-66
-67
-68
-68
-65
-65
-67
-67
-68
-66
-66
-66
-64
-62
-61
-59
-61
-62
-63
-63
-62
-62
-56
-56
-53
-52
-55
-55
-55
-54
-54
-54
-52
-48
-50
-46
-47
-47
-47
-44
-43
-40
-39
-38
-39
-38
-41
-42
-43
-41
-40
-37
-38
-38
-38
-37
-37
-34
-32
-28
-26
-25
-24
-25
-25
-24
-24
-23
-21
-18
-19
-18
-18
-20
-19
-20
-17
-16
-13
-16
-14
-14
-14
-11
-11
-8
-11
-6
-7
-3
-2
-2
0
0
-3
-2
-3
-3
-4
0
-2
-4
0
-1
0
-2
-1
0
0
4
2
5
4
7
4
5
4
3
2
4
3
1
0
0
-1
-1
0
-2
1
0
2
-1
1
0
1
2
2
0
3
4
5
3
5
4
3
4
1
-1
0
1
3
2
3
1
1
-2
-1
0
-1
0
1
-3
-4
-2
1
2
0
3
3
4
7
3
4
1
0
1
1
3
1
2
2
2
2
3
0
2
3
2
2
0
2
-1
4
1
-1
-4
-1
-2
1
2
0
1
0
2
2
2
4
2
3
5
4
3
6
7
3
4
3
2
3
2
2
-1
1
0
1
1
4
4
4
6
7
4
3
3
6
8
7
5
7
6
6
3
5
4
3
1
3
1
-2
-1
7
3
5
0
-1
1
0
3
6
3
4
4
2
4
6
7
8
4
7
2
3
3
0
2
0
1
-3
-2
-1
1
1
0
1
0
0
-2
2
0
-1
2
2
3
0
0
2
-3
1
-4
-3
-5
-2
0
0
0
0
0
0
-1
1
1
3
0
2
1
2
1
0
-1
-1
-3
0
-4
-2
0
-1
1
0
-2
-3
-2
0
-1
0
-3
-1
-2
1
0
-1
-3
-2
-3
-3
0
-3
-4
-4
0
1
1
-1
-2
-1
-2
-1
-3
-2
-3
-4
-1
-3
-3
-1
1
1
1
4
2
2
1
3
2
1
1
0
0
4
2
1
0
3
3
2
4
0
2
6
7
7
8
6
1
4
4
4
6
7
3
8
6
5
8
10
9
11
10
9
9
9
10
9
10
10
7
7
9
9
8
9
9
13
9
10
9
11
13
11
14
13
12
10
13
13
11
12
13
13
13
14
15
17
18
19
21
22
23
21
22
19
18
16
19
17
18
15
16
18
16
18
18
21
17
18
15
17
15
17
16
16
14
15
18
20
18
19
16
19
16
17
15
13
8
8
7
8
8
8
9
8
8
8
5
7
6
6
10
7
10
9
11
10
8
8
7
8
8
5
2
3
1
3
-1
7
2
3
0
0
-2
2
0
0
-3
-2
-2
0
2
0
0
1
0
0
1
-2
-1
-2
0
-1
-3
-2
-2
0
0
0
0
-1
-2
-1
-1
3
0
4
4
4
3
4
3
3
4
1
1
0
-2
-3
0
-3
0
0
2
1
1
0
3
1
1
1
1
0
1
0
1
4
5
4
5
3
1
1
3
3
1
2
0
1
2
1
1
2
3
4
2
5
2
3
1
2
3
2
3
3
5
3
4
2
6
2
4
5
4
5
3
5
4
2
5
2
0
3
3
3
4
4
5
8
6
6
5
3
3
2
4
3
6
6
5
6
2
1
0
3
1
2
1
2
1
4
0
1
0
1
2
3
4
4
1
3
2
2
2
5
3
3
2
3
1
0
0
0
3
2
0
0
0
0
2
3
5
0
0
-1
1
4
5
5
4
3
4
2
1
1
5
4
2
-1
-2
2
0
2
3
1
1
4
2
3
4
3
3
4
3
5
4
4
4
5
6
9
8
7
7
5
4
5
6
3
5
0
4
1
2
3
7
8
8
4
5
2
3
3
6
4
4
4
3
4
5
4
4
4
0
2
1
3
1
1
3
2
2
1
0
3
3
3
3
2
-2
0
-3
-1
0
0
-2
0
-1
1
-2
-1
-1
-3
-1
0
0
0
-3
0
-2
0
1
0
3
1
2
2
4
1
0
-2
0
-4
1
-2
1
0
0
-1
-3
-2
-3
-3
1
1
1
2
2
2
1
1
0
0
0
1
3
3
2
2
0
0
1
2
3
1
0
1
1
0
1
0
0
-2
-1
0
0
2
3
0
3
0
2
0
0
2
0
2
0
1
2
-1
1
-2
-2
-2
-1
-1
2
1
2
3
0
1
0
-3
-1
-1
1
2
2
0
2
0
2
1
2
2
2
3
3
2
2
0
3
1
2
2
3
5
2
4
3
0
0
0
1
2
1
5
5
8
6
8
4
2
2
1
2
1
3
3
3
6
6
6
8
9
12
11
10
10
8
5
6
5
7
4
6
5
6
8
6
6
6
4
4
5
6
6
8
7
4
6
7
8
9
9
9
11
9
11
10
10
9
8
9
10
9
9
7
8
6
8
13
11
10
11
9
9
11
9
12
12
9
6
7
7
8
11
8
9
10
7
8
8
11
13
12
8
9
4
8
9
8
7
8
5
7
9
7
6
6
3
3
3
7
10
9
8
6
7
6
8
13
11
8
8
7
6
6
5
7
5
6
1
4
3
5
5
6
5
9
6
7
6
5
5
5
6
7
6
5
6
4
1
3
2
0
2
0
1
0
0
0
-1
1
2
2
4
2
4
2
0
3
4
5
4
2
4
1
2
-2
0
1
0
2
2
0
2
-1
3
4
5
3
3
0
1
0
0
1
2
2
0
0
0
1
-1
2
0
0
0
0
-2
-3
-3
-1
-3
-3
-1
-1
-1
-1
-2
-1
-2
-3
-1
-3
-2
-3
-4
-1
-1
0
0
-1
-2
0
0
0
1
0
1
1
-1
-2
-5
-2
-1
-4
-1
-3
-3
0
0
3
2
1
-3
-3
-3
-5
-4
-2
-3
-1
-3
1
1
2
-1
-3
0
0
1
2
3
2
0
2
2
0
2
0
4
3
4
2
2
