-27585
-15144
-5042
-2562
-1944
-1781
-1724
-1702
-1687
-1680
-1674
-1668
-1668
-1663
-1666
-1662
-1656
-1645
-1635
-1618
-1599
-1581
-1556
-1534
-1511
-1485
-1463
-1438
-1421
-1402
-1387
-1374
-1366
-1357
-1353
-1350
-1348
-1349
-1347
-1346
-1338
-1335
-1328
-1318
-1308
-1297
-1283
-1270
-1257
-1243
-1231
-1221
-1209
-1197
-1189
-1178
-1173
-1165
-1160
-1155
-1150
-1149
-1144
-1145
-1138
-1136
-1132
-1128
-1126
-1122
-1118
-1113
-1111
-1103
-1098
-1093
-1083
-1067
-1053
-1035
-1016
-993
-973
-953
-932
-918
-902
-892
-883
-878
-874
-875
-874
-877
-881
-885
-888
-888
-884
-877
-872
-856
-842
-823
-806
-783
-765
-743
-727
-708
-694
-683
-673
-670
-665
-666
-666
-671
-671
-678
-681
-682
-684
-683
-678
-675
-665
-658
-651
-640
-629
-618
-607
-597
-589
-578
-577
-569
-568
-566
-566
-564
-565
-566
-567
-566
-569
-569
-572
-573
-575
-575
-573
-574
-566
-565
-558
-550
-540
-528
-512
-499
-482
-464
-450
-435
-423
-415
-406
-403
-402
-401
-407
-413
-417
-425
-431
-435
-437
-437
-433
-431
-422
-411
-402
-384
-372
-356
-341
-326
-315
-305
-296
-294
-291
-289
-296
-295
-304
-308
-317
-323
-327
-333
-332
-335
-335
-334
-331
-328
-321
-317
-313
-308
-301
-298
-293
-290
-287
-286
-290
-291
-298
-297
-306
-308
-313
-318
-320
-326
-330
-333
-337
-340
-339
-341
-338
-335
-328
-318
-310
-298
-288
-268
-257
-244
-233
-223
-218
-212
-210
-212
-216
-221
-227
-236
-244
-253
-257
-262
-265
-263
-258
-253
-243
-231
-223
-212
-198
-187
-178
-165
-160
-153
-146
-147
-153
-151
-152
-159
-170
-174
-178
-183
-186
-188
-186
-185
-183
-180
-178
-173
-167
-160
-159
-150
-144
-140
-137
-137
-137
-136
-139
-138
-142
-143
-144
-152
-156
-159
-161
-167
-169
-171
-171
-172
-169
-168
-161
-159
-146
-132
-120
-112
-100
-87
-81
-76
-76
-74
-73
-75
-76
-82
-86
-86
-88
-91
-95
-89
-86
-82
-77
-66
-60
-48
-43
-35
-28
-21
-17
-13
-9
-7
-9
-9
-4
-6
-4
-13
-6
-10
-18
-20
-22
-19
-21
-20
-16
-16
-12
-12
-11
-15
-11
-13
-14
-14
-14
-11
-14
-16
-17
-20
-25
-28
-32
-30
-27
-34
-35
-37
-40
-51
-60
-70
-76
-86
-90
-91
-92
-88
-76
-60
-48
-36
-21
-4
0
3
6
0
-1
-8
-16
-30
-43
-50
-63
-72
-77
-75
-74
-68
-58
-46
-32
-15
-3
1
12
14
16
15
11
7
1
-9
-17
-25
-28
-27
-17
-2
-6
-16
-11
0
-12
-23
-21
-16
-17
-18
-18
-21
-29
-28
-32
-44
-45
-40
-36
-42
-40
-34
-35
-37
-43
-52
-61
-71
-79
-87
-102
-108
-119
-125
-135
-133
-116
-81
-43
-26
-4
27
54
56
46
40
32
20
0
-23
-38
-50
-57
-64
-76
-73
-58
-44
-30
-15
-1
23
43
53
58
60
64
65
62
51
43
33
29
21
10
5
8
10
11
23
43
49
50
51
60
57
47
43
46
46
50
47
45
38
43
45
43
35
38
40
41
38
35
31
27
23
13
1
-6
-9
-14
-19
-27
-32
-42
-41
-47
-45
-46
-22
17
49
56
72
90
98
88
66
49
34
21
12
-3
-19
-26
-23
-13
-19
-18
-6
10
24
36
49
58
65
69
73
64
59
59
53
46
33
24
18
7
4
7
7
13
26
36
39
38
40
37
34
29
24
19
16
18
13
2
-5
-11
-10
-14
-15
-19
-16
-13
-11
-9
-16
-20
-28
-34
-48
-57
-67
-73
-81
-90
-99
-105
-111
-112
-103
-71
-27
3
19
28
46
49
39
20
-1
-22
-36
-38
-48
-63
-70
-63
-56
-47
-42
-33
-19
-4
15
25
35
38
43
45
44
40
37
31
29
24
15
10
4
8
23
27
24
24
28
29
32
36
38
36
35
36
36
33
28
26
17
15
15
18
20
23
24
24
23
22
18
13
6
1
-4
-9
-16
-22
-32
-38
-43
-48
-53
-54
-48
-16
28
62
78
88
96
101
91
77
57
37
15
12
7
-2
-6
-6
-5
1
7
14
23
32
45
58
72
77
78
79
79
82
79
75
68
59
52
45
47
48
46
45
41
45
41
45
47
48
46
47
43
43
38
39
34
25
17
13
10
10
10
11
9
9
3
0
-6
-14
-25
-29
-37
-46
-52
-59
-67
-78
-82
-91
-98
-101
-100
-85
-41
3
31
44
47
44
34
22
5
-17
-39
-56
-56
-57
-63
-65
-66
-63
-60
-50
-35
-27
-18
-5
7
19
23
25
23
16
20
22
22
14
6
-5
-11
-13
-10
-3
0
7
16
20
20
20
18
17
20
21
21
23
25
24
16
8
3
3
7
8
12
9
5
7
8
3
-4
-10
-22
-29
-33
-39
-38
-50
-56
-64
-66
-68
-68
-53
-16
32
65
84
89
91
82
69
58
39
16
5
-1
1
0
2
3
1
7
15
31
43
51
59
72
85
92
98
95
91
89
93
93
90
81
74
67
63
61
67
68
63
63
66
68
75
79
81
76
71
66
65
64
59
53
43
36
36
39
43
44
41
31
28
21
21
12
3
-8
-17
-23
-26
-33
-42
-50
-61
-68
-70
-73
-68
-39
3
43
65
71
68
58
40
27
9
-13
-32
-38
-43
-38
-37
-35
-38
-37
-36
-25
-14
-6
2
8
20
29
30
36
30
25
26
27
23
18
4
-7
-15
-7
3
9
6
1
-4
-4
4
11
13
10
6
4
3
6
4
-3
-15
-26
-22
-17
-8
-1
-4
-8
-11
-11
-12
-16
-23
-33
-41
-45
-48
-51
-59
-68
-75
-77
-76
-75
-69
-47
-5
37
66
76
78
67
51
38
26
7
-5
-19
-18
-18
-11
-7
-6
-6
-6
2
11
28
36
46
54
61
70
75
77
73
74
72
74
70
63
51
43
49
63
68
67
61
54
52
57
68
72
70
67
66
64
64
60
51
37
29
31
36
48
51
50
45
37
36
32
23
17
5
-4
-14
-16
-22
-33
-47
-59
-65
-64
-58
-30
15
56
85
94
97
88
71
55
38
16
1
-7
-13
-9
-9
-5
-8
-11
-12
-5
3
13
23
29
37
43
50
53
55
54
55
52
50
43
34
22
8
3
0
2
11
25
34
34
36
32
27
19
16
11
4
10
12
13
7
0
-3
-6
-4
-1
0
-6
-7
-5
-7
-10
-15
-29
-43
-52
-56
-57
-64
-72
-84
-94
-100
-98
-89
-60
-11
32
55
66
67
61
49
34
15
-10
-27
-33
-27
-23
-25
-25
-28
-28
-20
-11
2
7
12
21
35
48
55
61
59
58
61
69
68
61
50
35
32
33
51
63
56
53
50
55
62
66
68
62
60
58
67
64
63
54
46
38
38
43
49
51
55
50
50
48
44
36
26
15
6
2
-5
-7
-17
-28
-39
-43
-46
-46
-44
-16
36
79
102
110
114
105
86
71
49
25
10
7
12
8
11
13
10
9
15
18
25
26
36
46
59
69
70
72
72
75
78
78
71
61
48
37
30
24
28
42
49
46
43
43
44
41
42
35
27
24
26
33
28
21
7
-2
-3
-1
3
0
0
-7
-5
-8
-10
-25
-36
-49
-57
-62
-69
-77
-91
-105
-112
-118
-115
-102
-49
0
32
36
43
51
44
22
3
-26
-47
-55
-47
-46
-53
-55
-53
-50
-46
-44
-36
-32
-22
-6
8
14
19
26
31
36
40
40
38
31
25
17
8
-1
-2
0
10
30
36
37
34
38
42
38
27
21
20
31
40
36
28
15
16
19
20
21
17
18
19
23
18
11
3
-5
-12
-18
-24
-29
-34
-39
-48
-53
-59
-64
-56
-29
26
67
83
90
104
109
97
73
48
25
17
18
16
12
9
11
20
23
21
23
33
42
54
63
72
82
86
92
94
91
90
93
91
83
72
59
51
48
53
66
66
58
62
71
73
66
65
59
62
63
62
54
46
46
39
31
21
18
24
28
25
25
15
19
17
4
-10
-25
-30
-34
-40
-49
-62
-72
-76
-80
-87
-90
-75
-24
18
33
42
61
73
61
33
8
-14
-25
-29
-37
-53
-55
-44
-39
-46
-48
-45
-28
-16
-5
0
9
23
34
34
30
29
35
39
36
32
23
19
16
14
3
-1
0
3
5
9
11
18
23
25
19
16
16
20
15
9
2
0
7
8
6
2
3
5
1
-2
-8
-14
-18
-25
-36
-45
-53
-56
-67
-74
-81
-81
-80
-61
-13
28
42
56
81
98
83
61
46
33
23
13
-1
-16
-12
1
-5
-18
-13
-1
17
27
37
50
65
90
96
94
91
100
106
103
92
86
85
77
69
58
51
54
56
52
71
83
80
83
90
88
72
68
70
69
73
71
67
59
63
66
51
43
48
47
42
38
36
25
23
18
0
-18
-24
-29
-44
-60
-71
-80
-83
-77
-40
-2
13
38
65
86
77
65
55
41
30
14
-8
-30
-31
-27
-38
-50
-51
-38
-28
-13
-5
7
24
38
44
39
41
44
43
40
28
24
18
9
-1
-15
-14
-13
-13
-17
-17
-8
1
6
6
12
10
13
12
11
9
7
0
-4
-5
-6
-8
-13
-14
-16
-22
-28
-34
-38
-42
-46
-58
-71
-74
-78
-86
-98
-107
-109
-111
-100
-60
-26
-13
12
45
68
62
62
60
53
43
30
7
-14
-17
-21
-49
-62
-62
-53
-45
-34
-17
2
30
54
63
72
83
96
96
90
86
78
71
67
60
47
44
47
44
37
36
40
51
57
66
70
77
83
86
83
83
82
75
68
70
64
60
57
57
52
48
45
40
35
33
28
20
11
8
1
-3
-13
-16
-20
-20
-18
6
19
29
46
63
79
82
80
86
85
87
81
70
60
55
49
31
14
3
-6
-6
-8
-7
1
11
24
32
41
52
64
71
79
80
82
82
76
65
57
47
38
27
14
5
0
4
8
8
13
18
23
28
32
32
35
33
33
29
26
19
15
7
-4
-16
-24
-30
-35
-41
-43
-43
-42
-41
-42
-40
-41
-43
-44
-50
-57
-61
-58
-58
-55
-47
-33
-23
-2
5
19
27
40
45
46
48
43
38
25
13
-2
-17
-28
-34
-41
-42
-37
-28
-21
-8
7
20
36
52
67
83
94
101
99
95
90
82
71
61
52
38
41
26
26
25
25
24
30
33
38
41
44
48
52
51
54
56
54
56
55
52
48
47
42
36
34
28
23
16
10
3
-3
-12
-25
-30
-41
-36
-30
-31
-10
0
20
38
52
63
81
88
94
96
90
83
76
59
43
24
7
-5
-17
-31
-31
-29
-25
-17
-5
6
21
37
49
68
78
88
94
93
87
81
71
58
43
28
13
4
-3
-3
-9
0
-2
2
7
11
14
24
28
32
32
35
32
28
19
12
4
-3
-10
-19
-27
-30
-37
-42
-50
-53
-57
-65
-73
-75
-81
-86
-90
-87
-82
-79
-60
-48
-32
-15
-4
7
22
33
36
37
30
25
15
1
-13
-27
-43
-51
-61
-69
-67
-57
-51
-38
-25
-7
8
29
45
56
71
79
84
82
79
75
65
55
40
28
16
7
0
-6
-6
-4
-1
2
8
17
21
28
33
39
42
47
43
40
39
34
25
19
11
7
4
-4
-7
-13
-18
-24
-29
-32
-37
-42
-47
-45
-39
-31
-27
-7
1
24
40
54
66
82
93
97
97
93
85
79
62
47
30
13
6
-5
-10
-11
-5
-1
6
19
32
48
62
77
91
104
116
117
119
115
108
98
82
69
60
53
41
34
36
32
32
34
32
34
46
50
53
55
60
62
63
58
56
51
43
36
29
21
17
9
1
-6
-9
-17
-22
-27
-32
-43
-47
-56
-57
-52
-46
-42
-25
-17
-1
15
27
39
52
62
63
63
59
51
40
22
7
-11
-26
-36
-48
-52
-56
-50
-46
-39
-29
-16
-2
12
27
38
52
61
65
68
67
61
55
44
29
20
9
-2
-6
-12
-14
-18
-14
-15
-10
-4
-1
6
9
18
22
26
28
28
23
23
18
14
8
0
-6
-13
-23
-26
-33
-36
-42
-45
-50
-54
-55
-58
-58
-54
-45
-41
-26
-14
0
14
28
38
50
63
67
68
69
62
58
44
33
22
7
0
-3
-7
-9
-3
6
8
20
31
44
60
73
89
100
110
114
116
113
108
102
90
81
67
58
48
47
40
37
44
41
50
55
58
63
70
74
73
78
77
80
75
69
68
58
52
43
39
32
28
25
19
10
13
6
6
1
0
-5
-7
-12
-19
-26
-23
-19
-17
-8
-3
8
20
28
36
47
58
59
59
57
54
48
35
26
11
1
-8
-15
-19
-23
-20
-14
-10
-5
7
15
31
39
48
58
63
67
65
63
57
53
44
31
24
15
12
13
2
3
6
7
10
8
14
20
23
24
22
21
20
22
14
8
5
3
-1
-6
-9
-6
-9
-11
-19
-19
-26
-27
-33
-35
-39
-41
-45
-52
-61
-61
-56
-45
-44
-46
-32
-16
-6
-7
7
19
27
28
28
26
26
23
15
3
-5
-6
-11
-19
-23
-17
-12
-10
-5
1
12
18
28
37
45
52
54
55
51
52
51
48
37
36
26
28
42
37
26
33
38
29
18
28
38
37
33
34
36
35
33
30
19
17
25
20
15
17
24
25
20
17
15
12
5
1
-4
-7
-14
-20
-25
-36
-40
-44
-39
-16
-3
0
18
38
51
45
47
55
46
39
33
23
14
7
1
-12
-25
-22
-18
-13
-14
-1
17
31
44
50
57
63
69
70
70
69
66
61
53
41
40
37
34
28
27
46
60
47
50
57
70
57
44
49
58
53
47
32
25
30
28
18
4
11
17
10
7
10
15
7
2
-4
-18
-22
-21
-32
-49
-59
-64
-76
-91
-105
-87
-37
-11
-5
9
51
83
77
64
63
64
55
35
11
-11
-25
-28
-49
-73
-78
-59
-44
-38
-23
-3
24
47
63
68
74
83
84
77
61
52
39
23
8
-3
-8
-7
-4
-7
-4
5
39
67
67
58
60
67
60
42
32
33
28
24
23
13
6
12
14
1
-5
-1
14
13
9
6
2
0
-11
-24
-45
-61
-71
-78
-98
-111
-102
-50
0
14
31
67
107
118
99
84
77
67
48
25
-5
-33
-44
-47
-57
-68
-67
-45
-14
13
36
56
82
101
105
107
101
97
88
81
68
45
29
16
11
6
1
1
0
7
29
62
81
82
79
85
86
73
59
54
46
41
34
33
24
19
24
22
12
6
7
11
10
10
5
0
-6
-15
-24
-37
-43
-49
-56
-66
-78
-90
-96
-87
-38
13
35
47
61
84
91
77
59
35
11
-6
-14
-32
-55
-66
-62
-59
-57
-44
-27
-5
18
43
66
73
82
83
80
73
66
61
50
37
25
12
2
-4
-4
-1
0
7
10
20
45
81
101
92
80
70
67
56
51
40
25
17
21
27
24
15
7
6
1
2
11
10
6
8
6
7
0
-13
-26
-43
-52
-51
-61
-75
-88
-88
-64
-6
38
63
75
83
97
94
85
70
42
15
-1
-7
-18
-33
-38
-43
-40
-34
-14
7
26
40
63
84
91
95
90
86
74
69
64
55
44
32
22
14
12
21
23
25
26
41
71
95
99
93
83
71
61
58
59
47
39
28
23
27
25
25
15
6
3
10
15
22
18
12
7
2
-5
-15
-29
-43
-49
-58
-60
-67
-83
-98
-108
-77
-22
26
51
54
57
61
58
54
43
13
-21
-43
-49
-50
-54
-60
-64
-73
-63
-41
-13
1
13
18
32
44
53
53
48
30
22
20
16
12
-2
-18
-26
-20
-1
14
17
8
2
3
14
28
35
26
18
10
11
17
16
7
-10
-27
-29
-25
-13
-5
-7
-16
-19
-17
-8
-8
-16
-28
-40
-47
-46
-47
-55
-71
-84
-94
-96
-100
-94
-72
-29
10
50
72
88
83
71
58
46
30
12
-7
-26
-38
-43
-40
-35
-33
-32
-24
-3
17
42
62
71
76
78
82
86
86
81
68
62
53
45
37
31
24
22
22
28
33
37
45
57
65
86
106
112
103
86
72
59
57
58
55
54
45
48
48
55
48
42
28
26
26
31
33
30
19
9
-1
-9
-14
-19
-32
-43
-54
-60
-61
-33
14
58
91
107
114
109
93
81
67
51
27
4
-10
-22
-29
-26
-25
-23
-21
-10
8
30
52
73
83
87
83
79
75
70
65
59
46
32
25
21
15
19
17
20
19
22
22
29
39
45
50
47
44
36
33
31
28
21
9
0
-8
-8
-4
3
4
0
-5
-11
-8
-8
-8
-14
-26
-39
-47
-51
-56
-61
-72
-87
-101
-108
-99
-58
-4
34
62
72
70
60
52
43
31
5
-18
-36
-47
-53
-44
-41
-43
-47
-42
-26
-4
17
41
52
55
56
62
63
66
62
58
48
41
38
33
41
36
34
30
28
28
28
33
42
47
58
65
65
64
57
50
50
44
41
32
27
22
23
26
29
28
21
10
4
3
3
2
-5
-17
-32
-38
-51
-55
-65
-70
-81
-83
-51
5
58
94
110
109
93
74
69
59
43
16
-7
-24
-34
-26
-20
-17
-26
-30
-21
-1
23
43
63
64
64
64
73
74
78
74
64
55
47
44
38
31
21
17
12
15
16
19
23
33
54
77
85
80
63
43
29
29
31
33
29
26
22
23
28
26
16
0
-15
-19
-17
-11
-10
-16
-30
-42
-47
-55
-58
-64
-77
-88
-98
-95
-60
-9
40
73
83
85
76
59
45
28
7
-17
-31
-42
-39
-37
-35
-34
-36
-30
-18
0
16
29
43
48
54
58
59
57
53
52
48
48
45
37
26
14
13
27
36
38
34
29
28
35
45
57
53
51
45
41
42
43
42
27
13
4
8
16
26
30
21
12
7
8
9
3
-7
-20
-31
-36
-36
-40
-52
-67
-80
-91
-90
-65
-12
40
73
88
92
88
75
59
40
12
-13
-29
-32
-28
-25
-19
-17
-21
-18
-7
7
19
26
31
38
47
52
60
61
54
53
54
55
55
46
38
22
16
14
16
16
14
18
37
63
75
73
58
45
27
25
31
32
32
25
22
20
23
24
23
11
3
-3
0
1
4
2
-9
-21
-31
-39
-43
-53
-62
-74
-87
-94
-98
-83
-27
32
70
87
88
87
71
52
39
13
-13
-31
-29
-22
-24
-20
-17
-23
-19
-9
5
15
18
27
37
44
51
57
54
52
53
59
63
59
49
38
27
20
16
21
19
25
45
59
60
54
55
51
41
36
31
24
29
33
31
20
8
8
11
13
16
12
3
2
6
10
-1
-18
-34
-47
-48
-48
-52
-64
-80
-92
-96
-103
-98
-50
8
48
64
72
79
70
53
35
3
-26
-42
-39
-34
-35
-33
-26
-27
-23
-19
-4
-4
2
8
20
31
37
42
43
45
48
54
54
53
44
34
23
14
10
10
10
10
13
15
36
65
81
73
54
39
30
28
26
25
16
15
26
35
35
30
20
14
4
1
0
-1
-2
-5
-9
-19
-27
-34
-40
-51
-61
-67
-72
-78
-82
-56
0
47
67
77
89
91
76
49
25
0
-14
-15
-13
-20
-24
-20
-5
1
-1
-4
4
16
28
40
48
51
50
54
61
61
56
56
59
55
44
32
23
15
15
19
20
24
47
62
60
58
56
53
40
33
29
23
29
33
23
10
11
21
16
14
6
1
1
6
2
-9
-21
-29
-35
-43
-47
-56
-66
-69
-78
-92
-102
-104
-76
-11
30
42
48
67
76
57
26
3
-18
-30
-38
-41
-57
-53
-38
-30
-38
-40
-29
-13
0
4
3
10
25
36
38
28
28
40
44
43
32
23
14
13
12
4
1
4
7
17
32
62
69
64
60
58
51
34
30
31
28
27
30
30
30
37
38
27
17
15
16
19
13
11
7
6
1
-14
-22
-31
-37
-43
-50
-60
-63
-38
22
56
62
80
112
131
105
75
60
45
37
26
5
-6
5
14
10
-2
2
15
29
42
50
53
73
90
89
79
79
81
85
78
72
66
61
62
52
41
33
38
45
38
41
47
83
104
92
81
79
82
65
50
44
41
43
45
38
29
34
39
33
20
14
17
14
9
2
-3
-7
-9
-24
-35
-43
-50
-59
-70
-79
-85
-83
-44
0
12
26
57
85
75
53
42
25
11
0
-23
-43
-43
-38
-47
-66
-57
-47
-38
-25
-12
3
19
40
45
35
39
44
42
32
24
21
18
13
2
-10
-11
-3
-2
-12
-11
1
15
24
34
56
51
50
48
42
26
18
11
3
0
3
1
6
5
6
-4
-6
-3
-3
-11
-10
-10
-12
-15
-18
-27
-38
-42
-49
-58
-63
-69
-73
-63
-21
2
6
32
59
83
68
64
56
49
44
37
11
-5
-5
-4
-21
-31
-24
-19
-11
2
22
38
62
86
89
93
100
99
96
91
86
73
62
52
41
31
24
26
29
29
35
44
59
78
84
85
88
90
84
73
69
59
48
38
34
27
23
23
19
10
14
18
20
16
19
23
20
18
14
7
0
-4
-12
-18
-25
-33
-37
-42
-49
-42
-31
-27
-15
-8
7
18
23
29
36
43
43
38
33
28
23
15
3
-11
-18
-22
-25
-30
-23
-21
-11
-6
0
11
17
28
40
43
51
54
53
52
45
38
32
24
16
7
4
1
4
4
5
10
13
15
16
19
18
17
15
16
9
6
1
1
-3
-13
-17
-14
-19
-12
-16
-14
-13
-13
-18
-23
-28
-32
-39
-45
-57
-63
-68
-71
-60
-62
-49
-37
-19
-2
13
26
40
54
63
66
63
58
49
36
24
8
-6
-19
-25
-32
-32
-27
-15
-7
4
19
34
52
64
76
86
94
100
100
97
88
84
72
57
44
36
28
29
30
28
30
41
40
50
55
60
64
72
71
69
74
73
68
60
52
43
38
38
33
27
26
26
23
15
14
11
7
4
1
-6
-6
-11
-20
-20
-13
-13
-5
9
14
32
44
50
59
69
75
75
71
65
57
50
34
20
4
-7
-17
-20
-23
-20
-12
-2
6
17
29
40
56
67
73
82
82
82
76
68
59
49
36
21
10
3
-5
-1
-6
-4
3
7
15
20
25
26
29
31
30
28
28
22
14
7
2
-8
-12
-14
-20
-24
-28
-31
-34
-36
-38
-41
-43
-46
-46
-52
-53
-58
-63
-60
-54
-53
-39
-31
-18
-3
5
13
23
31
34
33
32
24
19
9
-4
-15
-23
-29
-33
-36
-33
-27
-18
-11
0
9
20
37
47
55
63
68
69
69
62
58
51
44
32
25
21
17
12
14
17
19
25
28
32
38
44
45
44
45
45
41
41
35
32
23
22
20
14
14
12
14
7
6
4
2
-1
-4
-7
-11
-14
-19
-26
-33
-34
-28
-27
-23
-12
0
14
23
33
40
53
57
62
58
57
53
43
31
20
9
0
-5
-14
-17
-17
-10
-7
0
8
19
29
42
50
58
67
70
70
68
65
57
50
38
28
22
17
9
5
1
0
0
0
0
4
7
7
8
8
10
9
8
6
3
0
-3
-5
-8
-9
-10
-18
-20
-26
-29
-32
-35
-40
-43
-49
-51
-59
-62
-70
-68
-63
-60
-50
-39
-29
-11
-1
10
20
31
38
39
43
39
37
29
18
8
-4
-11
-18
-22
-30
-24
-19
-12
-7
6
17
30
43
55
64
76
80
83
83
79
74
69
59
50
42
39
34
32
31
34
34
38
39
43
46
53
53
54
58
58
57
58
54
51
48
45
41
36
34
31
28
22
20
16
12
10
4
2
-2
-7
-10
-13
-19
-13
-12
-7
3
12
25
37
46
56
64
71
73
74
68
65
58
50
39
28
17
11
3
-2
-2
1
2
10
18
27
39
51
63
71
78
83
85
85
81
76
71
60
51
45
37
35
30
27
26
24
27
28
29
29
36
37
37
37
38
37
35
29
28
23
21
17
11
6
3
0
-6
-11
-13
-18
-20
-22
-28
-30
-33
-39
-45
-49
-50
-49
-46
-43
-34
-23
-12
-2
4
10
17
26
28
27
28
20
15
6
-3
-10
-23
-26
-30
-34
-36
-33
-27
-22
-14
-4
5
17
23
30
35
38
42
39
38
30
26
16
10
3
-3
-2
-5
-8
-9
-7
-6
-1
-3
5
6
8
9
9
8
10
9
7
3
0
0
-1
-4
-8
-10
-13
-17
-20
-23
-27
-25
-32
-34
-34
-37
-37
-43
-44
-41
-35
-23
-21
-14
-5
8
13
18
21
26
31
35
31
30
31
29
27
20
14
13
10
12
10
15
20
26
32
37
41
46
57
57
60
63
65
63
61
59
56
54
54
51
47
52
56
53
49
49
52
50
45
47
49
49
50
52
47
44
45
41
35
32
34
35
36
35
36
36
34
29
26
20
18
16
13
8
3
-1
-1
-9
-11
-15
-11
-6
3
12
19
26
40
42
46
43
40
39
35
29
22
14
10
6
-1
-6
-10
-6
-3
3
8
14
26
31
36
40
43
48
53
49
44
42
39
37
29
24
22
14
15
10
6
6
3
6
7
12
15
12
16
14
11
6
-1
-3
-8
-9
-14
-13
-15
-12
-17
-17
-24
-26
-28
-33
-37
-44
-48
-52
-58
-63
-70
-71
-75
-73
-69
-53
-23
-7
8
23
41
49
50
44
41
35
28
16
2
-12
-19
-21
-25
-29
-26
-15
-5
6
21
33
46
61
69
75
75
77
80
77
70
65
57
50
45
41
40
44
60
68
64
63
65
69
65
57
56
53
60
61
57
45
41
41
38
31
26
27
32
30
32
25
20
16
11
2
-13
-21
-29
-34
-46
-58
-64
-68
-55
-21
15
32
44
63
81
90
81
72
56
43
32
15
-1
-22
-31
-33
-41
-44
-38
-28
-10
8
23
36
47
56
63
66
60
58
54
48
41
35
28
19
14
13
12
9
4
3
4
7
13
17
15
16
14
14
13
11
3
2
-6
-7
-3
-6
-8
-7
-9
-14
-19
-23
-30
-36
-44
-48
-57
-62
-69
-77
-83
-89
-91
-95
-97
-97
-93
-63
-31
0
10
24
35
44
39
28
13
-7
-18
-24
-32
-38
-51
-53
-49
-42
-35
-24
-13
1
16
36
44
55
60
63
64
62
58
52
45
39
30
22
16
14
13
12
16
20
23
36
42
63
71
78
73
68
62
58
57
51
43
40
38
43
41
38
31
24
23
24
25
23
21
19
20
17
12
6
-5
-12
-17
-22
-29
-32
-26
-3
30
58
74
88
95
97
92
83
70
53
36
28
20
10
3
-5
-8
-3
1
14
26
37
53
64
80
87
90
83
82
77
75
69
64
59
50
43
40
40
36
36
34
33
32
33
38
46
47
48
44
43
39
39
38
27
17
11
8
8
9
7
3
-2
-4
-2
-4
-8
-18
-28
-33
-38
-41
-46
-55
-64
-68
-75
-75
-68
-46
-12
11
28
36
44
42
37
30
18
1
-15
-28
-32
-41
-44
-49
-53
-53
-47
-37
-25
-14
-4
5
17
23
27
33
30
29
29
27
25
16
9
-1
-7
-10
-11
-8
-2
11
18
18
19
20
18
16
16
18
15
21
19
20
11
6
1
0
-1
0
-2
-3
-5
-5
-3
-6
-11
-16
-24
-33
-38
-39
-45
-53
-53
-61
-64
-61
-37
-3
31
52
65
72
73
70
68
57
42
26
6
0
-1
-3
-3
-8
-12
-8
3
23
36
49
56
65
76
87
92
92
88
81
81
79
80
76
68
59
56
52
54
55
53
46
43
48
56
63
67
61
57
54
53
55
54
43
37
32
31
36
36
38
27
20
12
13
8
5
-7
-16
-27
-31
-34
-39
-44
-53
-59
-65
-64
-56
-32
-3
23
41
49
53
49
39
31
16
0
-16
-24
-32
-35
-41
-43
-43
-46
-39
-31
-20
-6
4
12
22
29
34
37
32
32
30
27
25
20
10
2
-6
-11
-10
-11
-14
-10
-12
0
15
26
28
20
12
6
3
10
11
11
1
-1
-5
-4
-5
-3
-8
-21
-21
-25
-17
-19
-20
-33
-39
-48
-49
-48
-58
-60
-67
-70
-70
-69
-56
-28
4
31
51
62
63
58
50
42
30
18
7
-4
-10
-14
-15
-15
-11
-11
-6
5
18
34
49
57
67
70
77
78
79
79
79
79
79
79
74
70
61
58
59
58
58
53
52
53
58
67
73
77
72
68
66
65
64
60
55
48
46
49
49
51
48
40
37
31
32
27
20
9
-1
-10
-13
-18
-23
-33
-40
-42
-33
-2
37
67
81
87
87
86
79
73
59
38
18
7
4
2
3
-3
-10
-14
-13
-1
8
18
24
32
38
47
55
60
56
53
53
50
52
46
40
29
19
17
15
15
9
7
7
21
32
37
33
25
15
12
13
17
15
13
5
2
0
2
1
-2
-9
-17
-22
-19
-20
-22
-29
-42
-52
-60
-67
-69
-79
-86
-95
-94
-86
-60
-23
10
28
41
47
41
38
27
13
-3
-17
-28
-31
-32
-37
-37
-39
-41
-38
-31
-18
-9
0
12
23
31
37
42
43
43
45
48
48
48
45
40
35
32
31
29
25
20
17
18
24
33
38
39
38
36
35
38
35
32
24
22
23
27
32
33
29
24
18
13
13
6
-3
-13
-24
-33
-34
-36
-42
-48
-54
-55
-44
-13
25
56
70
80
80
83
78
65
53
29
13
10
11
7
7
3
1
1
5
16
22
27
33
44
52
61
68
73
71
70
77
77
74
67
60
50
46
43
38
33
28
27
30
49
61
66
61
51
45
38
39
39
38
36
34
35
34
32
27
23
13
3
-2
-4
-3
-11
-15
-25
-33
-43
-51
-57
-67
-71
-76
-78
-75
-57
-17
15
38
45
51
51
42
29
11
-7
-23
-30
-30
-34
-38
-42
-39
-37
-34
-31
-26
-18
-8
6
16
27
26
30
31
33
35
36
33
29
27
24
18
13
8
4
6
3
2
4
9
17
25
28
29
23
22
24
22
19
12
3
6
8
13
12
10
1
0
0
-2
-9
-19
-26
-34
-40
-42
-47
-51
-56
-59
-58
-53
-27
14
44
62
67
77
83
70
57
38
20
8
6
6
1
0
0
7
8
11
13
22
26
36
49
57
64
68
73
77
78
77
78
76
72
66
61
50
49
47
45
46
41
45
53
73
88
90
80
70
67
60
59
52
50
48
52
59
55
49
44
36
29
23
14
13
11
6
0
-7
-17
-26
-33
-43
-51
-61
-61
-64
-50
-21
20
38
50
57
67
62
46
25
4
-9
-15
-20
-23
-32
-34
-31
-26
-29
-30
-29
-19
-7
2
10
15
23
26
30
31
27
29
28
32
26
21
15
9
8
5
2
-2
-4
-2
1
8
12
13
13
13
10
7
2
0
-4
-11
-13
-13
-13
-10
-11
-16
-21
-26
-27
-35
-43
-50
-59
-63
-69
-75
-83
-88
-93
-94
-90
-67
-28
8
23
34
48
57
48
31
16
0
-6
-11
-17
-26
-28
-21
-15
-16
-17
-14
-1
12
20
26
33
45
58
63
61
62
68
70
71
65
55
49
46
43
41
49
55
50
47
48
53
53
54
54
54
55
58
58
57
50
49
42
39
36
36
38
39
38
32
28
25
19
6
-3
-10
-19
-23
-30
-38
-49
-49
-49
-35
1
40
63
74
88
105
99
85
66
49
40
27
15
2
0
5
6
0
-3
0
7
22
28
34
41
56
67
68
67
66
69
75
70
62
58
53
53
49
43
37
35
36
30
26
27
35
40
39
38
34
33
35
31
25
17
14
16
14
13
12
13
8
3
-3
-9
-16
-21
-32
-40
-47
-52
-57
-63
-75
-79
-81
-83
-79
-58
-18
9
18
34
53
60
47
31
15
1
-6
-16
-31
-38
-33
-31
-37
-41
-36
-24
-16
-9
-2
5
19
33
34
32
35
43
43
38
33
28
28
26
18
8
3
8
7
3
4
7
24
40
46
41
41
43
44
34
28
28
28
29
33
28
29
31
28
18
10
8
8
3
-1
-5
-10
-14
-18
-26
-36
-39
-39
-41
-46
-47
-44
-23
3
29
40
58
75
86
75
59
51
40
28
17
1
-8
-3
-3
-8
-11
-6
3
11
21
35
46
61
68
71
73
75
78
75
72
71
70
67
58
52
51
50
48
44
40
40
40
47
42
45
45
50
47
43
39
38
33
28
19
15
19
18
14
13
13
14
10
8
-2
-7
-9
-20
-28
-34
-41
-48
-57
-60
-69
-69
-68
-57
-25
-4
5
23
43
54
46
36
29
18
10
-4
-20
-29
-27
-30
-40
-43
-38
-29
-26
-16
-7
3
18
29
28
31
34
37
35
32
33
31
26
21
13
12
10
8
1
1
-2
2
3
6
6
11
13
13
10
10
9
10
1
-4
-2
-2
-3
-4
-4
-5
-4
-9
-12
-16
-18
-23
-32
-37
-45
-53
-61
-67
-74
-78
-78
-66
-30
-10
5
26
52
63
64
58
54
47
39
23
5
-5
-7
-15
-27
-33
-28
-20
-12
-3
10
29
45
61
64
70
80
84
83
83
81
78
74
66
58
52
50
49
46
43
47
45
55
57
59
64
67
66
63
64
64
60
55
53
49
48
43
45
40
37
34
31
25
21
18
9
2
-6
-14
-20
-28
-35
-43
-47
-48
-37
-8
11
20
47
70
79
80
77
74
68
57
42
19
11
3
-7
-25
-30
-30
-27
-23
-13
-3
16
34
48
55
60
71
73
70
66
66
58
53
46
36
31
26
21
15
14
12
15
17
23
24
28
30
31
29
30
25
21
13
11
5
2
0
-4
-7
-14
-13
-18
-22
-25
-30
-34
-40
-46
-53
-59
-67
-72
-77
-84
-87
-83
-65
-40
-30
-12
9
30
35
39
37
35
34
25
7
-6
-13
-19
-37
-47
-49
-46
-45
-38
-32
-13
5
21
34
41
56
63
63
61
63
57
53
42
29
23
17
11
5
4
5
6
20
35
38
47
52
57
55
51
53
51
48
43
40
34
34
30
25
19
19
15
15
16
17
18
15
13
7
2
-2
-13
-17
-25
-30
-40
-37
-32
-13
2
15
33
55
69
75
78
83
82
74
64
50
39
30
17
2
-4
-7
-9
-6
2
14
31
46
61
71
84
94
98
97
100
100
93
86
76
69
58
51
42
36
34
31
32
31
38
40
43
48
48
48
49
46
43
35
31
25
20
16
9
7
2
-3
-3
-8
-8
-11
-15
-20
-23
-28
-35
-40
-47
-55
-58
-65
-59
-46
-35
-25
-8
11
26
30
38
42
43
43
34
23
15
4
-11
-25
-39
-44
-48
-49
-47
-39
-28
-12
0
16
27
42
50
57
65
69
68
68
58
50
41
35
23
13
8
1
2
0
6
9
15
21
25
32
35
42
41
42
38
38
31
29
24
19
14
9
5
1
-6
-8
-13
-18
-22
-29
-32
-36
-42
-46
-49
-48
-37
-25
-12
0
17
32
44
52
62
66
70
71
63
55
45
38
23
8
-3
-9
-15
-17
-12
-3
9
24
36
53
67
83
91
100
104
106
105
104
95
85
77
63
55
45
35
37
34
33
34
42
46
48
53
57
60
63
63
63
62
60
58
49
46
41
32
28
25
15
14
7
3
-5
-9
-14
-18
-23
-28
-30
-36
-38
-42
-40
-32
-26
-16
-5
10
22
31
39
46
50
51
48
40
36
29
18
6
-5
-13
-20
-31
-34
-32
-29
-20
-11
-2
9
21
30
38
44
51
53
52
50
43
37
27
19
7
1
-4
-11
-16
-15
-17
-18
-16
-11
-7
-2
2
5
10
9
13
8
8
2
1
-6
-12
-13
-24
-25
-33
-37
-40
-47
-47
-51
-54
-55
-57
-61
-62
-66
-65
-61
-56
-48
-38
-25
-13
-3
10
18
28
32
34
33
28
25
18
6
-1
-9
-19
-24
-30
-31
-28
-23
-16
-6
5
16
28
42
53
66
76
81
85
86
83
79
69
60
48
42
33
28
23
20
20
22
24
28
31
38
42
43
48
52
56
56
56
54
52
45
42
35
32
24
19
13
7
2
-4
-8
-12
-14
-19
-21
-23
-19
-14
-7
1
12
25
35
49
58
66
74
76
78
76
72
68
61
49
38
24
14
3
-2
-6
-4
1
3
13
23
36
45
58
67
75
83
86
85
86
79
76
66
55
45
35
28
18
11
7
6
5
3
4
8
13
14
17
19
21
22
20
16
13
10
4
0
-5
-11
-16
-22
-29
-35
-41
-45
-48
-52
-56
-62
-62
-67
-67
-66
-62
-57
-48
-39
-27
-13
-3
8
18
24
27
31
28
25
23
14
2
-7
-17
-22
-31
-35
-38
-36
-31
-25
-14
-6
7
18
29
39
49
57
61
60
63
61
54
47
43
34
27
21
13
12
6
6
5
8
9
14
19
23
25
31
32
34
34
34
34
32
30
24
18
11
8
4
0
-3
-5
-10
-15
-18
-23
-29
-32
-36
-41
-35
-30
-18
-8
3
16
33
40
52
63
65
73
72
70
66
59
49
38
27
13
6
0
-5
-5
-1
3
12
21
32
44
57
71
80
90
96
98
101
100
94
85
77
66
57
48
36
27
25
19
17
17
17
21
23
25
29
30
34
34
37
41
37
38
33
27
23
17
10
3
-1
-7
-14
-22
-30
-38
-44
-48
-50
-55
-51
-45
-39
-29
-20
-6
6
18
28
39
47
50
52
50
47
38
33
18
7
-5
-16
-22
-31
-31
-33
-26
-20
-11
-2
13
23
36
44
56
64
69
69
72
68
62
55
45
34
23
14
5
-1
-5
-9
-7
-9
-5
-1
3
8
13
16
20
23
23
20
17
15
7
5
-4
-8
-16
-20
-28
-33
-37
-43
-49
-54
-61
-68
-71
-69
-59
-49
-39
-25
-8
6
23
30
41
50
58
58
57
53
43
36
23
6
-5
-18
-25
-32
-35
-33
-26
-14
-3
8
22
39
51
64
73
84
88
86
84
79
74
64
53
41
26
18
9
5
2
1
4
7
12
15
21
25
31
28
34
36
37
34
33
26
20
12
6
1
-7
-7
-15
-23
-31
-38
-42
-45
-53
-53
-59
-59
-44
-32
-23
-8
12
29
38
47
58
60
69
67
60
49
42
27
10
-12
-25
-35
-43
-44
-40
-35
-19
-5
8
22
37
52
65
74
80
85
84
82
74
64
53
43
32
18
11
1
-1
-2
-2
1
7
12
15
19
24
30
33
33
32
31
28
23
18
13
6
1
-3
-12
-14
-22
-26
-35
-39
-46
-51
-59
-65
-69
-74
-75
-52
-33
-21
-3
22
44
53
58
67
67
64
62
48
31
23
11
-7
-31
-42
-46
-47
-42
-37
-22
0
18
38
51
67
80
88
93
88
91
83
78
63
51
39
28
18
6
0
5
18
20
28
35
45
49
47
50
54
57
56
53
49
46
43
36
29
20
18
13
8
3
0
-3
-8
-12
-22
-30
-35
-43
-51
-55
-64
-67
-63
-41
-11
4
21
48
71
82
79
77
76
66
53
32
8
-8
-22
-34
-52
-62
-56
-48
-36
-22
-5
18
36
60
66
76
83
88
83
74
65
58
49
35
23
17
12
8
4
0
3
12
20
23
28
34
37
41
40
40
39
36
29
25
19
16
17
9
6
2
-2
-3
-8
-16
-22
-28
-32
-38
-44
-49
-56
-61
-68
-76
-79
-78
-59
-17
3
16
40
66
75
70
60
52
37
25
11
-11
-28
-32
-32
-45
-51
-44
-35
-19
-8
9
26
48
66
75
79
80
85
81
76
65
58
50
43
33
28
24
23
25
23
21
26
34
39
42
44
44
48
48
48
46
41
35
31
27
22
20
15
11
6
2
-1
-5
-10
-13
-19
-27
-32
-40
-47
-56
-62
-64
-64
-51
-15
22
42
54
80
99
100
88
76
63
46
38
20
-1
-13
-12
-14
-25
-31
-20
-6
9
22
34
50
63
78
83
80
78
80
79
71
60
50
42
35
30
25
22
21
26
29
38
47
51
53
54
51
48
42
43
41
42
39
34
33
29
28
23
17
10
8
4
4
-1
-6
-10
-18
-25
-34
-42
-50
-55
-59
-63
-69
-76
-71
-41
-2
25
36
52
68
75
64
44
27
12
0
-10
-24
-37
-41
-35
-35
-37
-34
-22
-4
11
27
38
44
50
59
60
52
49
50
50
48
44
37
33
30
30
28
22
19
18
22
25
28
30
36
37
38
39
34
32
28
27
16
15
12
13
15
13
5
1
1
-2
-6
-16
-26
-30
-35
-44
-51
-61
-66
-74
-76
-78
-77
-55
-13
18
33
45
62
68
62
48
31
13
0
-4
-17
-25
-35
-28
-27
-24
-23
-15
-7
4
18
25
36
42
51
51
53
48
52
54
54
55
47
42
37
37
33
26
19
13
14
14
20
25
28
28
32
30
26
25
23
19
18
11
14
11
10
8
5
0
-7
-4
-12
-18
-24
-33
-40
-47
-58
-64
-74
-78
-80
-78
-67
-32
7
33
41
53
63
66
49
34
14
-2
-6
-14
-20
-32
-34
-26
-27
-29
-26
-19
-7
5
17
25
32
39
46
47
45
43
47
48
47
49
47
38
37
33
31
22
17
13
12
