-27469
-14468
-4241
-1743
-1137
-979
-933
-914
-906
-898
-891
-886
-881
-874
-865
-858
-850
-840
-827
-818
-812
-802
-797
-786
-776
-774
-764
-763
-760
-756
-752
-749
-745
-742
-735
-730
-724
-721
-710
-703
-695
-689
-683
-679
-673
-666
-661
-658
-656
-649
-640
-634
-629
-621
-613
-609
-605
-602
-598
-592
-586
-586
-575
-570
-562
-554
-552
-546
-541
-535
-529
-521
-517
-511
-508
-503
-499
-494
-489
-486
-481
-476
-473
-469
-468
-467
-463
-458
-458
-449
-441
-434
-428
-425
-419
-413
-411
-408
-405
-401
-393
-390
-384
-381
-379
-375
-373
-369
-369
-369
-365
-364
-356
-355
-353
-351
-348
-341
-338
-332
-337
-335
-332
-328
-327
-330
-330
-324
-319
-315
-318
-318
-317
-315
-313
-311
-314
-316
-316
-314
-315
-317
-314
-312
-313
-308
-312
-312
-317
-316
-319
-319
-318
-323
-317
-317
-313
-313
-312
-309
-305
-301
-296
-289
-279
-275
-271
-268
-265
-261
-258
-257
-255
-247
-242
-232
-227
-221
-218
-215
-208
-203
-197
-192
-185
-178
-172
-164
-159
-154
-154
-150
-143
-140
-139
-136
-130
-126
-123
-122
-116
-114
-107
-103
-98
-94
-95
-93
-91
-83
-80
-74
-69
-66
-63
-60
-62
-63
-66
-66
-68
-70
-70
-66
-65
-63
-66
-63
-66
-64
-66
-69
-75
-73
-70
-70
-67
-67
-68
-71
-74
-75
-78
-79
-80
-76
-74
-73
-74
-75
-81
-85
-88
-90
-88
-89
-85
-88
-84
-83
-79
-80
-79
-78
-79
-80
-78
-81
-83
-83
-82
-80
-78
-79
-78
-83
-83
-87
-87
-88
-91
-92
-96
-93
-93
-90
-89
-87
-92
-95
-97
-100
-97
-98
-98
-97
-101
-94
-95
-96
-93
-94
-93
-90
-84
-80
-78
-80
-78
-76
-70
-69
-69
-67
-62
-58
-54
-53
-46
-45
-45
-48
-46
-44
-42
-39
-39
-36
-36
-32
-28
-28
-27
-27
-22
-21
-19
-20
-20
-16
-17
-18
-19
-21
-21
-23
-19
-20
-16
-16
-18
-11
-7
-4
-3
1
0
0
-1
-1
-3
-3
-7
-7
-5
-3
-3
-4
-4
0
2
3
2
1
0
0
-2
-2
-2
0
0
-2
-2
-3
-3
-4
-2
-5
-8
-7
-7
-7
-11
-12
-13
-13
-14
-17
-22
-25
-26
-32
-36
-41
-47
-51
-59
-65
-78
-82
-91
-95
-102
-108
-112
-121
-123
-127
-127
-128
-130
-129
-124
-124
-125
-126
-127
-126
-126
-127
-126
-126
-123
-118
-113
-110
-109
-108
-106
-101
-97
-94
-87
-84
-77
-74
-67
-61
-58
-52
-44
-41
-33
-35
-33
-33
-37
-35
-37
-28
-27
-23
-22
-19
-14
-12
-7
-3
-2
1
3
7
10
14
14
12
11
8
11
7
9
6
5
6
6
3
3
4
9
13
18
21
22
23
23
25
27
27
23
22
18
13
13
9
9
12
9
15
11
18
17
18
20
18
20
27
29
31
32
30
28
23
22
17
14
10
9
6
2
-1
-7
-11
-16
-20
-21
-23
-23
-22
-20
-18
-18
-21
-20
-23
-23
-27
-28
-30
-32
-34
-35
-33
-27
-26
-23
-26
-26
-31
-33
-29
-20
-16
-13
-5
1
7
6
-1
-3
-7
-6
-4
-9
-13
-14
-11
-10
-14
-19
-22
-23
-17
-11
-5
-7
-8
-7
-5
-2
1
3
-3
-11
-21
-20
-19
-19
-17
-16
-13
-9
-9
-15
-19
-24
-25
-25
-23
-20
-20
-19
-21
-19
-21
-28
-33
-33
-27
-28
-24
-25
-29
-27
-28
-24
-23
-28
-25
-22
-18
-14
-10
-9
-3
0
6
9
11
12
13
15
19
28
33
37
39
39
45
47
45
45
41
40
40
44
47
53
49
52
50
47
45
39
32
30
34
35
37
35
34
34
33
35
33
34
33
34
33
33
29
27
25
24
24
20
11
9
6
6
7
5
6
9
7
10
7
6
3
-5
-5
-8
-11
-12
-14
-15
-14
-12
-11
-16
-16
-11
-10
-10
-11
-16
-15
-18
-17
-10
-10
-8
-8
-5
-3
0
6
6
6
9
8
8
5
2
0
-2
-4
-6
-4
-4
-5
-4
-5
-1
1
3
0
3
6
16
18
21
13
15
8
9
9
11
10
11
8
6
2
2
3
6
8
10
15
18
24
28
30
30
30
36
38
33
31
32
28
25
22
19
15
16
19
23
21
25
22
24
25
24
28
30
28
28
24
23
23
22
20
18
19
17
13
13
9
6
-3
-6
-8
-4
-4
0
1
4
2
3
3
-1
-1
-4
-6
-8
-8
-13
-12
-13
-11
-13
-11
-12
-8
-11
-11
-15
-16
-16
-17
-14
-15
-15
-13
-12
-15
-16
-21
-24
-27
-21
-21
-17
-17
-20
-22
-23
-25
-22
-19
-15
-18
-17
-19
-20
-22
-21
-22
-23
-24
-21
-19
-22
-23
-26
-28
-25
-22
-18
-16
-17
-17
-18
-18
-18
-18
-13
-13
-8
-6
-4
-6
-2
-3
0
2
3
7
12
12
11
7
8
6
6
7
10
13
18
19
17
18
18
18
20
20
20
18
21
23
25
28
32
33
35
37
37
33
27
22
21
16
14
17
15
16
15
18
19
22
25
26
28
29
25
26
24
22
21
21
20
19
22
28
29
32
32
31
28
30
28
32
35
38
43
46
43
48
47
46
44
46
40
40
36
36
37
37
38
38
38
34
38
38
39
39
39
43
44
45
45
43
40
37
32
26
25
19
20
17
17
16
9
6
7
7
13
13
15
17
18
18
16
16
13
14
14
13
8
11
3
1
-2
0
-1
-1
-2
-4
-3
1
0
3
5
3
3
3
0
-2
-3
-5
-8
-10
-14
-16
-18
-18
-22
-21
-20
-17
-12
-8
-1
2
7
5
4
2
0
0
-5
-8
-13
-19
-19
-23
-26
-29
-27
-30
-27
-25
-25
-17
-14
-8
-9
-8
-13
-17
-22
-26
-33
-36
-39
-43
-43
-45
-41
-36
-31
-25
-20
-14
-11
-3
2
2
3
1
-5
-10
-17
-26
-34
-43
-49
-49
-48
-42
-42
-36
-34
-26
-20
-12
-5
-1
3
1
-2
-3
-7
-13
-19
-25
-31
-34
-34
-35
-27
-25
-17
-12
-5
1
7
12
18
22
23
18
10
6
0
-7
-9
-19
-24
-34
-35
-35
-30
-23
-14
-1
9
19
28
34
33
35
30
28
24
16
12
7
1
-8
-8
-10
-3
1
15
27
40
50
59
65
68
69
67
68
67
66
60
59
54
44
41
33
27
31
35
46
60
77
88
97
103
99
96
90
83
78
72
68
63
57
56
51
51
55
60
70
80
95
105
108
109
105
102
100
93
93
90
84
79
71
63
56
49
50
56
64
79
92
100
108
109
107
98
94
83
76
68
59
50
39
33
31
33
39
49
60
68
80
83
88
83
77
70
63
53
48
45
38
30
23
15
9
7
9
18
28
39
52
59
61
58
53
43
36
27
18
9
-1
-9
-18
-18
-17
-19
-10
0
13
25
36
40
41
41
34
27
22
18
13
8
4
1
-1
-3
2
4
12
19
29
46
59
67
76
76
75
69
58
43
33
17
7
-1
1
0
5
13
21
31
39
49
59
65
68
69
64
56
47
36
28
18
8
4
1
0
0
8
19
27
47
60
71
82
90
93
94
90
83
66
51
36
23
15
15
15
24
29
34
42
49
54
61
66
71
72
66
56
43
30
12
0
-17
-22
-25
-26
-24
-25
-20
-16
-11
-2
7
14
21
22
14
3
-12
-25
-40
-50
-57
-62
-62
-58
-55
-47
-45
-41
-34
-23
-10
-3
-1
-2
-8
-16
-25
-36
-43
-50
-52
-51
-52
-46
-46
-39
-33
-22
-13
-2
11
21
26
27
22
13
-1
-13
-19
-25
-27
-25
-22
-17
-15
-7
2
9
20
29
36
37
34
27
17
4
-9
-22
-29
-35
-39
-44
-47
-51
-49
-46
-36
-30
-22
-9
2
6
6
1
-10
-19
-34
-44
-49
-54
-53
-47
-45
-39
-33
-22
-8
2
11
20
24
24
17
7
-1
-10
-16
-20
-19
-21
-25
-26
-28
-25
-24
-14
-3
13
25
37
44
45
39
33
22
13
1
-6
-12
-11
-12
-13
-8
-2
5
17
34
46
56
67
68
64
53
46
38
28
28
25
22
24
20
18
16
16
15
22
36
50
67
79
84
86
81
74
68
56
49
40
31
24
17
16
17
24
32
44
51
58
65
69
69
65
61
51
45
40
34
29
28
30
23
26
22
16
16
16
18
26
30
40
42
43
40
36
33
26
22
20
13
7
3
-1
-2
0
3
5
16
19
24
22
22
18
16
11
8
8
7
7
6
3
1
-4
-4
-6
-12
-13
-14
-13
-15
-14
-15
-13
-11
-9
-9
-7
-12
-15
-13
-10
-10
-14
-18
-25
-28
-27
-30
-27
-26
-27
-34
-38
-43
-43
-47
-48
-46
-40
-34
-28
-29
-27
-25
-25
-33
-41
-45
-47
-43
-41
-41
-39
-41
-43
-43
-38
-33
-31
-27
-22
-20
-17
-14
-15
-18
-25
-26
-25
-21
-20
-11
-13
-13
-19
-18
-16
-13
-7
-4
-2
3
5
7
10
10
7
-2
-10
-14
-18
-19
-17
-13
-12
-11
-12
-18
-16
-10
-8
-4
-4
0
-1
-1
-8
-15
-15
-18
-21
-23
-19
-22
-19
-20
-19
-15
-10
-14
-9
-3
-2
-2
-7
-11
-11
-7
-5
-3
-8
-17
-22
-21
-15
-8
0
-1
0
-6
-4
-6
-1
2
6
7
10
8
7
3
2
-5
-7
-12
-9
-7
-1
3
6
11
15
18
21
27
27
24
24
21
22
19
17
13
11
7
1
-2
0
7
14
18
21
19
14
14
12
14
16
20
17
16
10
0
-3
-11
-12
-16
-10
-6
-5
-6
-1
1
0
5
8
13
13
12
8
5
1
-3
-5
-6
-8
-12
-17
-15
-13
-13
-7
-2
3
9
9
6
5
4
0
-6
-9
-7
-7
-9
-15
-18
-21
-21
-18
-11
-6
-2
1
5
10
16
23
25
23
19
9
2
-5
-6
-7
-4
-1
3
3
3
7
12
16
22
26
36
40
44
41
35
27
19
13
13
13
16
14
7
2
-2
-3
-1
8
17
22
26
34
37
38
39
37
30
32
28
23
14
10
7
2
6
7
8
10
17
20
24
23
27
28
28
31
30
26
23
19
14
12
13
10
8
7
5
5
8
9
13
15
12
6
3
1
5
6
7
9
11
11
7
1
-4
-8
-12
-15
-12
-9
-6
-4
-5
-8
-8
-12
-14
-10
-7
-3
-1
4
2
4
0
0
-7
-7
-5
-5
-3
-2
-3
-4
-10
-10
-13
-8
-5
0
1
1
-3
-1
0
6
10
13
13
8
3
0
1
6
7
5
5
4
6
3
-3
-5
-8
-3
-2
7
18
27
27
27
19
18
11
13
15
16
17
14
8
2
0
-3
-3
-2
0
4
8
11
14
15
16
14
12
12
12
9
2
-3
-6
-7
-7
-8
-5
-4
-4
-7
-8
-3
-2
1
7
6
12
9
11
7
2
-2
-6
-7
-8
-9
-7
-5
-2
1
1
-2
-1
0
3
2
4
8
7
12
15
18
18
16
12
3
-1
-3
-1
-2
3
3
1
2
2
2
0
1
2
2
4
2
4
2
2
0
0
-1
-2
-3
-6
-3
-2
0
-1
0
1
3
2
2
0
7
8
16
20
21
18
16
11
8
8
8
3
0
-5
-2
1
9
19
27
28
27
23
22
17
15
17
22
19
17
16
16
16
10
7
2
4
8
15
19
19
21
15
5
-1
-2
0
4
10
7
4
1
0
2
0
3
0
1
-2
-5
-9
-8
-6
-6
-7
-5
-6
-4
-4
-3
-3
-2
-1
2
3
1
0
-3
-6
-12
-12
-13
-12
-8
-9
-8
-7
-3
-6
-4
0
3
3
0
0
-3
-3
0
6
8
10
7
7
2
0
2
2
1
0
0
4
8
7
8
11
10
10
9
13
14
18
16
14
8
8
7
10
14
21
24
25
24
18
18
14
16
16
21
18
20
21
23
25
23
18
18
17
27
28
31
30
29
28
29
32
31
32
32
30
28
25
25
23
20
15
12
10
11
10
15
16
18
16
16
23
23
28
29
26
21
11
-1
-5
-12
-13
-13
-9
-4
1
4
5
7
7
10
10
15
18
14
14
10
0
-5
-12
-17
-14
-10
-6
-2
-4
-3
-5
1
6
12
18
18
12
4
-3
-6
-9
-9
-7
-10
-7
-15
-9
-10
-2
1
5
8
7
5
1
-3
-9
-16
-23
-24
-22
-18
-17
-13
-12
-13
-6
0
3
9
13
16
12
9
-2
-5
-6
-7
-7
-4
2
3
4
4
7
16
23
28
28
27
26
21
15
10
5
2
0
1
-2
-2
-2
2
7
12
20
20
24
26
24
20
15
5
-5
-11
-12
-13
-10
-8
-7
-6
-4
-3
0
2
6
7
9
9
7
3
0
-4
-8
-11
-14
-16
-21
-20
-18
-17
-13
-11
-10
-8
-2
-1
-1
-2
-2
-2
-4
-6
-5
-8
-8
-11
-18
-18
-18
-21
-17
-17
-9
-4
1
6
10
12
10
5
6
4
-2
-2
-8
-10
-10
-12
-9
-8
-7
0
8
10
17
20
23
26
27
25
26
22
18
12
7
4
3
5
5
9
10
14
14
17
17
19
19
22
19
16
17
13
13
7
3
0
2
0
-2
0
-2
1
3
6
10
10
15
15
17
13
12
10
9
3
1
0
3
5
3
6
7
12
16
15
18
17
20
17
19
16
14
12
10
9
6
4
0
0
-3
-4
-4
-3
2
6
9
11
12
11
9
8
5
2
2
0
-5
-5
-8
-6
-3
0
6
8
12
16
17
20
21
21
22
23
21
20
18
15
14
13
12
16
20
24
33
38
42
43
43
49
51
48
51
44
41
38
38
32
30
28
27
30
34
36
41
47
50
48
48
50
50
50
46
43
40
42
40
43
44
44
44
43
45
44
50
46
51
49
49
49
51
53
49
50
48
45
43
40
41
41
42
43
40
40
36
33
34
30
29
27
23
21
18
15
12
11
12
10
6
5
1
3
2
3
4
5
3
5
1
3
3
-2
0
-4
-5
-6
-7
-8
-4
-3
-1
-1
0
-1
0
1
3
4
4
6
6
5
3
0
2
3
3
-1
0
-2
-4
-6
-7
-11
-12
-15
-12
-15
-15
-10
-13
-8
-8
-8
-7
-10
-8
-8
-8
-9
-11
-14
-14
-18
-15
-14
-17
-16
-17
-13
-10
-8
-5
-4
-1
0
0
1
0
1
1
3
-2
-2
-5
-3
-1
-3
-3
-4
-4
-3
-3
0
1
1
4
5
3
0
1
0
-1
1
-3
-3
-5
-7
-8
-9
-12
-12
-11
-12
-14
-13
-11
-12
-10
-4
-3
-2
3
2
2
2
4
3
7
8
7
8
7
6
1
2
0
1
5
5
7
9
9
14
16
14
17
15
17
20
20
18
21
18
20
15
15
11
14
11
12
11
9
9
9
8
10
12
13
13
13
14
15
18
22
25
27
28
28
30
29
27
25
28
26
28
28
27
26
29
30
35
36
41
40
42
41
44
43
40
36
36
34
35
30
30
27
23
24
22
20
18
12
11
5
7
6
5
1
-1
0
0
1
2
0
-2
-2
-4
-6
-3
-7
-7
-8
-9
-12
-10
-14
-14
-16
-18
-18
-18
-20
-16
-16
-14
-10
-8
-9
-10
-7
-8
-9
-7
-9
-12
-13
-13
-12
-12
-12
-12
-13
-14
-16
-16
-15
-14
-8
-7
-3
-1
-1
-1
-2
-5
-9
-11
-16
-20
-20
-21
-23
-27
-30
-34
-36
-36
-37
-38
-35
-36
-31
-28
-23
-24
-22
-20
-21
-23
-24
-28
-26
-35
-32
-36
-36
-37
-36
-35
-36
-36
-38
-36
-35
-32
-29
-29
-29
-29
-31
-30
-31
-30
-33
-34
-38
-43
-44
-45
-42
-40
-36
-34
-30
-30
-30
-28
-29
-26
-25
-24
-22
-18
-16
-14
-13
-11
-12
-8
-5
-3
0
0
1
0
2
3
5
7
6
7
4
-1
-3
-4
-4
-1
0
4
6
4
6
4
7
8
8
9
8
5
0
-6
-8
-14
-13
-12
-12
-10
-8
-10
-7
-9
-6
-1
3
2
0
-1
-3
-7
-10
-11
-12
-13
-14
-16
-18
-18
-18
-18
-14
-13
-11
-8
-8
-9
-9
-13
-16
-17
-13
-13
-15
-17
-20
-23
-28
-29
-30
-28
-28
-28
-31
-32
-31
-32
-34
-38
-36
-38
-41
-43
-45
-47
-48
-44
-44
-41
-41
-38
-39
-41
-42
-42
-44
-42
-44
-46
-48
-51
-51
-48
-46
-39
-36
-34
-32
-33
-33
-31
-27
-23
-20
-17
-15
-14
-15
-13
-12
-10
-11
-13
-17
-19
-20
-18
-16
-15
-8
-7
-2
0
-1
-2
-3
-5
-5
-2
0
1
2
0
-3
0
1
3
7
7
8
10
11
10
9
10
8
11
10
14
14
16
18
16
19
20
22
25
26
27
29
30
32
35
38
39
39
35
34
32
32
30
33
30
31
30
32
28
27
28
29
36
38
38
38
35
35
31
30
26
23
27
28
29
30
31
31
34
32
28
30
25
27
27
24
26
30
36
40
44
46
43
37
31
28
23
28
27
28
30
28
30
26
31
28
29
28
27
25
28
24
26
25
22
19
20
17
15
12
8
7
1
4
5
10
12
13
11
13
15
17
23
24
25
22
17
11
7
4
7
8
8
12
13
17
20
28
29
30
32
28
28
33
32
32
29
28
23
20
20
19
17
15
13
16
14
18
17
18
17
16
16
19
20
19
21
24
24
21
23
19
15
17
15
15
16
18
18
19
18
14
12
10
9
10
13
17
26
30
32
29
28
25
26
26
28
26
23
22
18
17
12
7
3
1
1
0
1
0
4
6
8
7
7
7
4
1
-3
-10
-17
-25
-28
-26
-26
-28
-27
-30
-30
-30
-25
-22
-19
-16
-16
-18
-20
-23
-23
-25
-26
-26
-24
-26
-24
-25
-25
-21
-20
-18
-13
-15
-16
-19
-19
-22
-22
-23
-24
-27
-28
-35
-36
-38
-37
-39
-35
-34
-31
-33
-32
-34
-36
-39
-37
-36
-34
-30
-30
-32
-31
-36
-38
-33
-31
-29
-26
-27
-28
-28
-31
-31
-29
-28
-23
-21
-20
-19
-15
-6
-2
5
6
8
3
1
-2
-3
-4
-7
-7
-8
-8
-10
-12
-9
-15
-14
-13
-8
2
7
12
8
6
1
-3
-8
-13
-15
-17
-20
-22
-24
-27
-29
-26
-20
-15
-11
-12
-8
-7
-5
0
0
0
-6
-11
-13
-13
-14
-14
-14
-15
-12
-12
-9
-7
-5
-4
-2
-1
0
2
1
1
-2
-6
-8
-12
-16
-15
-17
-13
-13
-10
-11
-9
-10
-10
-15
-14
-18
-19
-23
-30
-32
-37
-38
-34
-32
-31
-33
-33
-30
-33
-27
-25
-20
-19
-19
-19
-19
-23
-23
-23
-20
-16
-12
-6
-8
-6
-2
-3
-5
-4
-4
0
0
-1
-2
0
0
0
0
-1
-3
0
0
3
4
2
3
3
2
0
-2
-8
-16
-21
-25
-24
-21
-20
-18
-22
-19
-18
-18
-16
-14
-11
-8
-3
-1
-2
-4
-9
-12
-11
-9
-4
-8
-6
-8
-9
-8
-8
-5
-6
-6
-11
-8
-7
-5
-6
-7
-10
-10
-9
-10
-11
-14
-13
-14
-14
-13
-13
-9
-12
-12
-17
-20
-23
-27
-29
-32
-28
-30
-28
-27
-33
-32
-32
-31
-26
-22
-19
-16
-14
-17
-13
-11
-5
-6
-2
-3
0
-1
-3
-5
-7
-8
-8
-13
-11
-9
-9
-7
-6
-1
-1
-2
4
4
7
8
13
11
12
12
13
13
12
7
0
-4
-10
-13
-16
-13
-9
-5
-2
0
0
2
5
7
9
13
16
16
23
15
15
13
14
11
11
7
4
2
3
3
8
8
6
7
7
8
9
9
13
13
16
17
18
20
19
14
9
5
2
0
-2
-2
-7
-8
-13
-11
-8
-7
-9
-8
-8
-5
-8
-5
-3
-1
-1
0
2
-1
-3
-7
-11
-11
-15
-14
-16
-18
-19
-17
-13
-9
-5
0
2
5
5
1
-1
-4
-3
-9
-9
-8
-7
-6
-8
-8
-8
-8
-7
-6
-3
-4
-4
-6
-11
-13
-13
-9
-9
-15
-16
-19
-25
-25
-21
-16
-12
-14
-12
-14
-8
-3
-2
0
2
0
0
-6
-8
-13
-14
-22
-20
-14
-7
-2
0
2
4
6
9
13
13
12
12
11
8
4
1
-2
-1
0
-2
-2
-4
-3
2
10
16
13
13
9
6
5
4
6
5
7
3
1
2
1
2
-2
-2
2
12
15
22
23
20
18
16
15
13
13
15
14
16
18
24
30
32
30
25
30
21
24
22
20
25
25
26
26
23
20
20
21
18
17
16
15
15
11
12
11
12
8
-5
8
8
-8
3
-13
-10
-14
-14
-11
-11
-11
-10
-8
-5
-3
0
3
2
-1
-7
-10
-9
-10
-11
-7
-7
-6
-8
-5
-6
-1
-1
2
2
2
3
3
6
3
7
4
7
3
0
0
1
1
2
3
7
3
5
5
9
18
14
11
6
3
0
-5
-5
-6
-16
-18
-18
-17
-13
-13
-10
-14
-12
-7
-4
-2
-1
0
0
-4
-3
-2
-7
-5
-5
-5
-2
-3
5
3
3
8
8
14
14
18
21
23
26
23
24
22
24
23
24
25
26
23
21
18
21
22
18
16
12
13
12
11
9
4
1
-5
-7
-10
-18
-20
-25
-25
-28
-29
-32
-34
-38
-41
-52
-54
-61
-62
-62
-61
-53
-46
-40
-35
-28
-16
-1
8
21
27
32
33
34
28
21
12
8
5
0
1
-1
0
1
0
3
7
12
17
22
23
26
28
28
27
17
9
-3
-13
-16
-20
-24
-31
-41
-53
-60
-62
-66
-69
-79
-88
-94
-93
-93
-91
-87
-74
-46
-4
31
46
54
45
45
38
38
30
11
-6
-19
-28
-33
-35
-38
-41
-42
-35
-17
0
14
23
33
49
63
75
84
85
82
76
65
58
46
30
16
1
-9
-15
-19
-22
-23
-24
-28
-28
-28
-25
-28
-31
-36
-35
-40
-42
-45
-52
-57
-59
-62
-57
-43
-29
-1
27
43
45
42
35
27
21
16
4
-10
-20
-28
-27
-30
-21
-18
-16
-13
-8
3
22
39
49
54
53
53
53
55
59
50
42
28
21
17
15
10
10
5
3
1
1
9
9
9
3
1
0
-2
-8
-11
-20
-25
-32
-34
-35
-41
-36
-35
-36
-33
-29
-28
-31
-34
-34
-26
-21
-13
-5
3
3
3
9
6
11
14
17
19
19
21
22
20
18
20
17
15
10
7
6
8
12
15
18
20
23
25
30
36
36
38
36
38
36
32
33
31
27
20
17
13
5
8
6
1
-3
-4
-10
-12
-12
-7
-7
-3
-6
-5
-3
5
7
5
6
3
0
-3
-5
-9
-15
-22
-28
-33
-36
-37
-36
-32
-25
-18
-8
-1
3
11
17
23
24
27
25
26
23
19
18
12
5
3
3
1
0
3
3
8
10
8
12
22
22
24
28
30
30
34
33
27
26
18
15
12
3
0
2
0
-5
-3
-5
-9
-7
-10
-12
-3
-7
-12
-12
-14
-19
-16
-15
-16
-19
-20
-13
-8
-2
5
12
17
22
20
23
23
25
24
24
26
23
21
23
21
22
18
15
18
20
24
30
36
40
41
43
54
58
51
45
41
38
32
33
33
26
9
5
9
2
-3
-3
-16
-24
-22
-13
-12
-18
-27
-33
-38
-41
-47
-47
-62
-76
-86
-85
-77
-63
-39
-16
-2
10
18
24
26
25
17
5
-10
-24
-33
-37
-42
-47
-48
-51
-44
-34
-29
-17
-7
8
17
30
42
53
58
63
63
55
43
34
28
20
12
5
1
0
-3
-4
-10
-17
-24
-25
-21
-18
-19
-19
-32
-42
-45
-48
-55
-68
-77
-84
-88
-95
-92
-88
-72
-50
-9
31
46
50
48
44
31
27
20
-3
-25
-42
-50
-52
-46
-39
-36
-33
-25
-8
16
34
52
55
57
56
58
60
59
50
49
56
67
74
72
57
40
31
33
37
35
31
21
20
24
33
32
22
5
-12
-22
-25
-24
-27
-36
-45
-55
-63
-69
-70
-76
-89
-105
-118
-115
-96
-45
16
64
77
73
67
62
63
61
48
10
-27
-51
-56
-48
-41
-39
-46
-50
-39
-11
23
47
55
57
57
62
69
75
68
53
34
24
24
26
32
54
111
136
119
99
82
62
56
64
59
46
48
58
65
59
41
13
-17
-33
-31
-26
-18
-15
-14
-8
-2
-5
-20
-42
-73
-108
-134
-135
-118
-72
-2
62
89
98
97
92
82
73
45
1
-42
-63
-65
-60
-55
-57
-65
-67
-53
-29
-1
19
32
31
34
40
45
45
37
25
8
3
0
4
4
6
7
11
22
30
32
38
55
70
73
69
53
40
34
34
31
19
3
-2
-6
-4
2
0
-1
-4
0
1
-5
-19
-39
-62
-90
-115
-145
-177
-208
-231
-237
-198
-120
1
102
138
143
129
122
112
100
61
-19
-92
-138
-150
-132
-113
-102
-110
-105
-81
-27
26
56
56
42
31
35
46
58
52
34
18
12
23
38
48
38
23
6
6
11
16
13
0
-11
-12
8
58
113
121
98
70
47
36
42
42
26
12
18
42
70
82
67
26
-13
-32
-39
-44
-60
-84
-116
-131
-130
-126
-134
-151
-179
-180
-121
3
142
211
214
185
143
114
106
80
11
-77
-143
-163
-141
-93
-60
-53
-63
-56
-21
30
74
77
53
24
16
28
54
66
57
35
23
34
52
68
59
37
6
-10
-8
0
2
-6
-28
-33
-22
8
53
109
145
127
97
77
57
44
43
41
26
29
52
76
89
72
30
-18
-51
-56
-60
-69
-83
-102
-115
-104
-94
-104
-130
-157
-161
-130
-44
83
172
192
180
140
103
76
51
0
-81
-148
-176
-159
-116
-73
-51
-55
-52
-26
14
53
68
44
13
3
15
33
53
53
38
23
31
49
65
70
43
5
-6
0
1
2
-5
-22
-33
-15
23
69
124
160
148
124
91
60
34
23
14
0
5
35
64
83
75
33
-11
-44
-56
-64
-65
-81
-94
-97
-94
-97
-100
-106
-125
-149
-147
-98
-8
105
175
200
186
140
90
58
18
-40
-102
-138
-146
-135
-85
-41
-26
-15
4
36
65
83
73
46
27
28
38
55
72
67
47
36
45
54
56
53
33
12
-2
-4
5
8
6
5
13
33
84
164
198
173
130
82
31
10
15
25
16
13
29
53
87
100
72
23
-19
-41
-50
-36
-31
-47
-62
-68
-74
-80
-92
-109
-134
-149
-127
-61
55
152
191
180
147
96
60
33
-8
-76
-131
-154
-142
-88
-40
-21
-19
-23
-12
8
32
42
26
5
-7
-5
9
30
44
37
26
31
39
51
52
31
-4
-16
-16
-13
-15
-20
-23
-17
4
65
139
173
159
116
60
23
18
18
2
-16
-17
8
49
80
64
25
-20
-46
-50
-38
-30
-45
-74
-93
-105
-101
-96
-118
-160
-196
-193
-148
-54
73
156
175
157
119
79
55
29
-22
-84
-131
-142
-126
-78
-49
-41
-40
-30
-9
14
37
33
14
-3
-6
8
30
42
43
36
34
47
60
65
54
24
3
-13
-17
-12
-18
-17
-18
-8
28
98
144
146
111
59
16
8
13
7
-4
-14
-10
7
36
40
17
-19
-44
-60
-50
-38
-47
-69
-96
-117
-124
-125
-136
-166
-192
-197
-165
-85
35
124
155
151
120
85
67
47
0
-60
-112
-144
-148
-119
-91
-77
-76
-78
-62
-29
8
20
16
4
-1
-5
7
24
37
44
36
25
15
13
8
0
-13
-19
-19
-9
7
17
16
27
73
111
115
104
74
29
11
23
25
17
18
18
23
37
41
24
9
-9
-22
-22
-13
-18
-40
-64
-86
-104
-119
-129
-143
-158
-170
-169
-121
-23
82
149
180
168
123
93
76
49
3
-49
-95
-123
-118
-93
-67
-39
-33
-34
-23
5
32
57
70
71
59
58
63
73
79
80
73
57
46
44
44
34
26
17
13
17
34
62
99
114
107
90
63
49
47
46
39
29
20
15
18
31
29
21
8
-3
-11
-9
-12
-20
-39
-52
-72
-91
-102
-119
-134
-144
-148
-163
-166
-142
-72
26
103
146
152
125
91
72
63
40
2
-46
-91
-118
-116
-104
-91
-86
-85
-79
-66
-28
5
30
47
43
30
32
37
43
46
38
25
6
-3
-15
-18
-15
-19
-25
-22
-3
26
43
48
42
25
28
37
43
39
33
23
15
8
2
-10
-15
-23
-28
-18
-7
0
-3
-15
-32
-47
-64
-81
-98
-113
-126
-131
-140
-150
-163
-165
-141
-78
3
70
105
113
95
75
64
54
35
3
-37
-79
-106
-111
-108
-95
-93
-94
-89
-75
-40
-2
32
56
66
71
79
84
89
83
73
58
40
26
21
20
20
24
40
54
59
65
63
49
50
56
59
66
67
62
55
58
53
47
39
25
13
5
8
15
17
25
17
6
-4
-20
-36
-49
-63
-76
-89
-97
-104
-110
-114
-123
-123
-103
-50
11
66
97
111
101
94
83
75
64
43
13
-16
-37
-47
-52
-54
-60
-65
-63
-54
-35
-10
16
43
59
74
83
93
100
98
90
75
58
40
22
13
10
18
29
33
28
19
4
-2
0
3
5
5
4
7
14
19
21
16
5
-8
-18
-24
-26
-21
-24
-28
-37
-43
-46
-53
-53
-64
-71
-84
-92
-98
-108
-111
-116
-118
-120
-119
-118
-110
-91
-63
-33
-9
11
14
13
9
12
11
11
4
-15
-33
-51
-67
-78
-80
-83
-85
-84
-78
-62
-43
-20
4
25
46
58
70
74
77
75
70
63
51
50
63
63
59
47
24
8
3
1
3
11
20
28
29
32
32
34
31
20
15
7
3
1
0
-2
-1
-2
-1
-3
-3
-10
-20
-27
-38
-44
-50
-50
-55
-54
-56
-57
-53
-55
-50
-49
-41
-30
-13
5
27
38
47
54
60
63
70
70
68
57
45
30
17
8
3
1
1
3
5
8
13
23
37
49
58
63
74
76
78
75
75
79
88
81
75
62
38
19
10
0
-2
-4
-5
-3
3
7
8
9
10
3
4
1
1
0
0
-2
0
-2
-2
-4
-4
-8
-13
-21
-28
-32
-38
-39
-40
-40
-39
-45
-47
-49
-48
-49
-46
-48
-49
-50
-49
-45
-41
-29
-19
-7
-1
3
6
9
9
3
-3
-6
-18
-22
-24
-24
-22
-20
-20
-12
-10
-3
2
8
16
20
29
33
43
52
62
67
68
63
56
50
42
36
33
29
27
27
29
29
28
26
21
18
19
21
21
19
16
16
10
13
14
14
13
8
2
-2
-11
-12
-16
-21
-29
-33
-35
-27
-23
-22
-18
-19
-19
-21
-22
-28
-28
-22
-28
-31
-23
-20
-16
-7
-7
-2
4
7
6
1
1
6
10
9
11
10
8
3
6
7
10
7
2
0
-2
-2
8
15
19
22
26
35
34
27
28
32
27
20
8
4
3
12
18
24
25
19
14
8
0
-8
-1
-5
-3
2
-3
-1
4
7
8
5
3
0
-7
-14
-24
-19
-18
-10
-7
-11
-13
-15
-15
-18
-21
-23
-28
-35
-38
-38
-34
-31
-27
-26
-30
-33
-36
-34
-35
-33
-28
-27
-26
-27
-26
-23
-15
-3
8
14
18
17
6
-1
-6
-9
-2
3
13
16
20
27
35
44
46
46
37
31
31
33
39
42
47
51
50
41
45
40
34
30
22
17
7
13
10
16
14
16
16
18
18
9
8
-2
-9
-11
-9
-2
0
-1
-3
-8
-6
-10
-13
-11
-13
-9
-11
-16
-20
-23
-14
-11
-17
-20
-23
-22
-18
-15
-17
-15
-15
-17
-16
-12
-10
-10
-4
-3
-8
-8
-7
-4
-1
0
3
3
6
6
3
8
7
8
8
11
12
13
13
7
3
-5
-1
7
15
21
28
27
22
17
14
9
8
12
10
3
8
4
3
5
7
11
8
-1
-11
-16
-19
-14
-11
-4
-5
-8
-12
-13
-16
-12
-11
-13
-19
-18
-21
-25
-33
-35
-38
-39
-38
-42
-43
-40
-44
-51
-53
-54
-50
-44
-37
-32
-35
-33
-32
-22
-11
-3
7
12
16
23
26
25
22
13
10
8
10
14
21
30
30
27
25
23
26
31
35
45
52
55
58
57
59
61
59
54
51
41
36
28
30
29
27
21
14
3
-1
-3
-4
0
1
5
7
7
8
5
6
5
0
-2
-4
-3
-12
-13
-20
-25
-29
-31
-37
-35
-34
-30
-26
-27
-24
-28
-31
-30
-28
-24
-22
-20
-14
-14
-18
-17
-16
-13
-12
-11
-8
-3
4
6
11
15
17
14
12
6
7
5
11
9
4
2
-1
1
3
9
18
26
27
23
22
24
23
26
28
33
41
38
29
23
14
8
-2
-2
0
3
4
10
9
2
-3
-7
-9
-11
-7
-8
-7
-4
-8
-12
-12
-18
-27
-33
-32
-31
-36
-42
-43
-45
-50
-60
-62
-56
-61
-64
-59
-53
-57
-56
-52
-41
-35
-29
-22
-13
-3
-6
-1
8
10
6
2
2
2
-3
-4
-4
-3
0
3
3
0
0
-5
3
5
13
26
32
33
34
29
33
35
31
27
27
27
23
25
25
25
17
10
3
4
2
-2
-3
-2
-7
-11
-4
0
1
3
0
0
3
3
1
1
-2
-4
-8
-8
-10
-10
-9
-8
-14
-17
-22
-23
-27
-24
-27
-18
-10
-5
-1
1
-2
-1
8
16
19
23
29
35
38
41
43
44
42
36
29
27
21
20
20
22
19
13
17
18
21
27
34
36
43
41
42
45
48
48
50
51
45
39
37
33
28
26
23
18
19
11
8
6
10
15
18
11
9
3
0
4
4
0
-3
-8
-7
-5
-6
-7
-6
-8
-16
-12
-16
-23
-32
-30
-32
-35
-36
-31
-33
-38
-38
-32
-35
-33
-33
-31
-31
-29
-23
-19
-13
-13
-11
-8
-5
-1
0
0
-1
-6
-12
-3
-2
0
-1
-3
0
7
7
8
12
12
13
15
17
21
25
23
23
24
25
24
22
21
18
18
11
8
8
7
10
7
5
1
-1
0
3
1
-2
-7
-5
-9
-10
-8
-8
-4
-4
-4
-8
-11
-14
-14
-13
-16
-17
-19
-21
-27
-28
-27
-28
-36
-35
-31
-36
-38
-39
-36
-36
-39
-36
-31
-30
-27
-23
-19
-13
-17
-18
-12
-9
-9
-10
-13
-11
-11
-10
-8
-3
-6
-2
0
0
2
1
2
3
5
8
15
18
20
23
27
29
25
24
22
20
16
13
11
9
8
2
0
-5
-6
-6
-4
0
1
-1
0
-1
0
-4
-5
-5
-5
-11
-11
-14
-16
-21
-21
-23
-24
-24
-24
-18
-20
-18
-14
-13
-12
-14
-18
-16
-12
-7
-3
2
0
1
0
5
7
13
17
21
18
22
23
21
21
23
28
34
38
37
41
41
44
45
48
48
44
40
39
39
39
40
36
37
36
32
30
35
38
38
37
30
31
27
28
23
22
19
15
15
11
13
13
7
8
7
4
3
1
-2
0
-1
0
-1
-5
-5
-7
-7
-6
-4
-4
-9
-10
-11
-9
-8
-10
-10
-7
-6
-7
-6
-4
-4
1
3
4
0
1
1
7
3
3
6
4
6
4
6
8
6
9
11
12
16
16
16
15
16
14
13
10
15
18
21
21
31
37
31
19
11
1
-1
2
5
6
3
6
8
10
6
3
1
2
-1
6
7
5
5
1
2
0
-7
-12
-14
-19
-17
-21
-25
-23
-25
-26
-28
-24
-23
-21
-18
-16
-6
-1
6
14
18
24
27
29
36
42
41
41
33
31
28
26
28
22
18
18
14
14
15
17
20
23
30
40
51
63
76
81
78
80
80
79
78
74
68
65
55
51
46
37
29
24
20
19
21
18
21
19
22
21
23
22
19
21
16
12
12
8
7
2
-5
-14
-23
-34
-52
-64
-69
-77
-75
-72
-53
-29
-8
2
13
26
43
54
63
63
62
50
41
32
26
11
-5
-19
-29
-38
-36
-41
-37
-33
-24
-16
-4
14
28
43
50
55
62
67
67
73
74
74
65
53
43
35
30
19
9
1
-1
1
-2
0
-3
-1
0
-1
-3
-5
-6
-2
1
4
2
0
-2
-14
-21
-23
-29
-43
-54
-67
-82
-102
-113
-127
-131
-126
-98
-61
-34
-9
14
26
42
59
70
76
69
49
35
21
8
-2
-21
-41
-61
-76
-69
-63
-54
-41
-24
-9
7
31
52
64
76
86
84
83
75
68
62
66
75
62
54
50
39
33
28
24
23
24
27
26
27
23
26
22
19
13
5
1
3
10
24
30
25
15
11
0
-6
-20
-37
-55
-75
-93
-109
-123
-137
-139
-119
-71
-21
24
53
63
66
84
106
115
110
89
53
21
3
-16
-30
-44
-64
-83
-83
-70
-53
-29
-7
2
17
38
66
91
104
108
100
88
78
65
52
42
35
26
16
18
44
54
58
52
34
23
24
33
27
26
29
26
35
37
27
11
0
-13
-12
-3
8
10
3
-3
-14
-18
-32
-56
-77
-93
-103
-119
-136
-152
-167
-157
-108
-41
14
60
80
84
91
106
115
115
93
53
6
-33
-49
-59
-68
-85
-108
-118
-105
-76
-40
-7
22
38
50
66
85
99
107
100
80
57
39
24
10
3
-8
-25
-29
-28
8
36
42
42
30
15
17
25
23
23
22
17
15
18
18
4
-10
-26
-40
-38
-25
-24
-20
-20
-34
-53
-73
-89
-103
-113
-126
-144
-159
-171
-179
-160
-94
-21
39
82
98
93
93
100
96
79
49
-4
-60
-98
-114
-111
-107
-111
-125
-127
-106
-70
-26
19
49
65
71
78
87
96
98
88
60
30
5
-8
-12
-15
-25
-36
-40
-35
-7
43
75
84
75
48
32
33
41
46
42
35
23
25
28
21
10
-8
-27
-39
-42
-35
-28
-25
-28
-44
-63
-82
-96
-105
-115
-125
-142
-159
-174
-166
-97
-6
77
127
142
127
104
100
94
77
41
-9
-67
-105
-115
-111
-93
-82
-78
-80
-64
-32
14
64
95
108
103
101
106
114
118
113
85
51
20
3
-3
2
3
0
-3
0
18
64
109
129
131
115
93
81
81
79
74
65
54
46
48
49
41
32
17
0
-7
-4
2
4
4
-1
-20
-36
-54
-71
-80
-88
-103
-123
-143
-155
-132
-50
47
125
168
170
138
105
90
76
52
14
-43
-92
-123
-123
-107
-82
-66
-63
-62
-45
-8
30
65
90
85
70
58
55
57
59
48
26
-9
-28
-40
-35
-26
-20
-21
-26
-27
-14
13
52
73
79
72
53
33
23
17
13
1
-6
-18
-23
-21
-18
-21
-29
-36
-49
-53
-53
-50
-51
-63
-78
-99
-113
-125
-134
-143
-157
-178
-198
-208
-178
-88
17
96
142
138
101
63
46
28
3
-33
-84
-136
-160
-149
-120
-88
-63
-54
-50
-32
5
45
77
95
85
62
51
46
56
62
61
42
17
-1
-5
6
19
24
24
18
23
32
45
78
125
144
145
130
105
83
73
74
64
53
47
43
44
57
64
58
48
31
18
10
16
14
9
-4
-26
-48
-58
-69
-77
-89
-102
-122
-139
-125
-48
60
144
207
208
166
115
88
69
44
9
-37
-88
-116
-103
-73
-40
-10
-2
-4
-1
21
53
80
97
91
69
57
55
64
75
78
62
39
20
10
13
20
27
22
8
0
-1
13
38
79
109
117
108
89
66
48
40
27
8
-2
-6
-2
10
20
18
7
-4
-17
-30
-31
-34
-43
-52
-68
-84
-102
-116
-125
-136
-145
-163
-183
-195
-154
-53
49
128
159
139
84
40
20
1
-32
-68
-118
-156
-160
-134
-93
-61
-43
-44
-49
-35
-6
18
32
30
16
0
1
13
33
40
36
14
-4
-12
-8
-2
-4
-13
-23
-31
-23
-9
7
43
82
95
94
84
60
33
19
7
-7
-15
-9
-2
7
19
24
16
12
4
-7
-15
-16
-25
-33
-38
-46
-61
-71
-81
-92
-106
-111
-123
-140
-146
-101
1
104
179
205
179
124
82
63
42
14
-28
-70
-100
-93
-57
-18
14
24
19
17
37
65
78
87
75
65
54
70
88
99
99
84
68
54
55
59
56
44
28
16
17
29
45
56
68
106
148
161
160
135
88
51
41
37
31
31
33
43
56
73
80
72
57
34
13
4
6
1
-3
-7
-19
-33
-43
-58
-68
-82
-96
-115
-133
-122
-49
60
144
192
186
143
92
67
51
18
-27
-72
-104
-108
-76
-41
-15
-10
-18
-23
-11
22
38
41
33
20
14
23
48
58
53
41
30
16
20
21
15
-5
-21
-33
-29
-18
-4
9
24
49
68
83
85
72
50
27
11
-2
-10
-16
-12
-5
1
11
18
23
23
15
3
-13
-26
-35
-47
-52
-61
-67
-75
-77
-85
-92
-104
-117
-133
-151
-170
-149
-69
36
111
143
131
93
58
49
36
-3
-57
-102
-125
-114
-78
-40
-30
-33
-36
-24
3
29
39
28
17
19
28
49
62
59
43
32
31
33
33
28
16
-1
-4
4
15
20
18
15
24
42
89
148
162
132
84
39
23
23
23
4
-11
-4
22
60
87
87
54
24
9
-1
-3
-8
-20
-40
-45
-41
-40
-50
-63
-82
-101
-110
-117
-132
-147
-121
-37
57
122
142
125
87
60
49
31
-12
-58
-99
-112
-100
-70
-50
-46
-45
-41
-22
10
35
46
39
39
46
57
69
67
55
37
32
32
36
35
23
5
-1
3
20
31
33
33
33
42
74
128
149
128
91
52
28
25
28
7
-17
-17
5
31
55
59
40
22
13
9
4
-5
-15
-33
-40
-35
-41
-50
-62
-74
-83
-89
-92
-102
-120
-131
-122
-57
32
98
121
116
98
81
80
69
36
-17
-60
-74
-69
-58
-49
-55
-67
-58
-34
1
23
35
38
44
61
78
84
78
59
41
28
22
